2025-03-19 04:40:26,278 LEVEL-TRACE Thread-[main]  Method-initialize() Class name-com.refinitiv.ema.access.OmmBaseImpl   Message-loggerMsg
    ClientName: Consumer_1_1
    Severity: Trace
    Text:    Print out active configuration detail.
	 itemCountHint: 100000
	 serviceCountHint: 513
	 requestTimeout: 15000
	 dispatchTimeoutApiThread: 0
	 maxDispatchCountApiThread: 100
	 maxDispatchCountUserThread: 100
	 userDispatch: 1
	 configuredName: Consumer_1
	 instanceName: Consumer_1_1
	 xmlTraceEnable: false
	 xmlTraceToFileEnable: false
	 xmlTraceMaxFileSize: 100000000
	 xmlTraceFileName: EmaTrace
	 xmlTraceToMultipleFiles: false
	 xmlTraceWriteEnable: true
	 xmlTraceReadEnable: true
	 xmlTracePingEnable: false
	 defaultConverterServiceId: 1
	 jsonExpandedEnumFields: false
	 catchUnknownJsonKeys: false
	 catchUnknownJsonFids: true
	 closeChannelFromFailure: true
	 sendJsonConvError: false
	 globalConfig.reactorChannelEventPoolLimit: -1
	 globalConfig.reactorMsgEventPoolLimit: -1
	 globalConfig.workerEventPoolLimit: -1
	 globalConfig.tunnelStreamMsgEventPoolLimit: -1
	 globalConfig.tunnelStreamStatusEventPoolLimit: -1
	 obeyOpenWindow: 1
	 postAckTimeout: 15000
	 maxOutstandingPosts: 100000
	 userDispatch: 1
	 reconnectAttemptLimit: -1
	 reconnectMinDelay: 1000
	 reconnectMaxDelay: 5000
	 msgKeyInUpdates: true
	 directoryRequestTimeOut: 45000
	 dictionaryRequestTimeOut: 45000
	 reissueTokenAttemptLimit: -1
	 reissueTokenAttemptInterval: 5000
	 restRequestTimeOut: 45000
	 tokenReissueRatio: 0.8
	 loginRequestTimeOut: 45000
	 wsProtocols: tr_json2, rssl.rwf, rssl.json.v2
	 wsMaxMsgSize: 61440
	 maxFragmentSize: 6144
	 serviceDiscoveryRetryCount: 
	 restProxyHostName: null
	 restProxyPort: null
	 sessionEnhancedItemRecovery: true
loggerMsgEnd


2025-03-19 04:40:26,281 LEVEL-TRACE Thread-[main]  Method-initialize() Class name-com.refinitiv.ema.access.OmmBaseImpl   Message-loggerMsg
    ClientName: Consumer_1_1
    Severity: Trace
    Text:    Successfully open Selector.
loggerMsgEnd


2025-03-19 04:40:26,297 LEVEL-TRACE Thread-[main]  Method-initialize() Class name-com.refinitiv.ema.access.OmmBaseImpl   Message-loggerMsg
    ClientName: Consumer_1_1
    Severity: Trace
    Text:    Successfully created Reactor.
loggerMsgEnd


2025-03-19 04:40:26,299 LEVEL-TRACE Thread-[main]  Method-<init>() Class name-com.refinitiv.ema.access.CallbackClient   Message-loggerMsg
    ClientName: LoginCallbackClient
    Severity: Trace
    Text:    Created LoginCallbackClient
loggerMsgEnd


2025-03-19 04:40:26,299 LEVEL-TRACE Thread-[main]  Method-initialize() Class name-com.refinitiv.ema.access.LoginCallbackClient   Message-loggerMsg
    ClientName: LoginCallbackClient
    Severity: Trace
    Text:    RDMLogin request message was populated with this info: 
	LoginRequest: 
	streamId: 1
	userName: root
	streaming: true
	nameType: 1
	applicationId: 256
	applicationName: ema
	position: 172.21.0.3/24269c4a3e23

loggerMsgEnd


2025-03-19 04:40:26,300 LEVEL-TRACE Thread-[main]  Method-<init>() Class name-com.refinitiv.ema.access.CallbackClient   Message-loggerMsg
    ClientName: DictionaryCallbackClient
    Severity: Trace
    Text:    Created DictionaryCallbackClient
loggerMsgEnd


2025-03-19 04:40:26,306 LEVEL-TRACE Thread-[main]  Method-<init>() Class name-com.refinitiv.ema.access.CallbackClient   Message-loggerMsg
    ClientName: DirectoryCallbackClient
    Severity: Trace
    Text:    Created DirectoryCallbackClient
loggerMsgEnd


2025-03-19 04:40:26,307 LEVEL-TRACE Thread-[main]  Method-initialize() Class name-com.refinitiv.ema.access.DirectoryCallbackClient   Message-loggerMsg
    ClientName: DirectoryCallbackClient
    Severity: Trace
    Text:    RDMDirectoryRequest message was populated with Filter(s)
	RDM_DIRECTORY_SERVICE_INFO_FILTER
	RDM_DIRECTORY_SERVICE_STATE_FILTER
	RDM_DIRECTORY_SERVICE_GROUP_FILTER
	RDM_DIRECTORY_SERVICE_LOAD_FILTER
	RDM_DIRECTORY_SERVICE_DATA_FILTER
	RDM_DIRECTORY_SERVICE_LINK_FILTER
	requesting all services
loggerMsgEnd


2025-03-19 04:40:26,308 LEVEL-TRACE Thread-[main]  Method-<init>() Class name-com.refinitiv.ema.access.CallbackClient   Message-loggerMsg
    ClientName: ItemCallbackClient
    Severity: Trace
    Text:    Created ItemCallbackClient
loggerMsgEnd


2025-03-19 04:40:26,339 LEVEL-TRACE Thread-[main]  Method-<init>() Class name-com.refinitiv.ema.access.ChannelCallbackClient   Message-loggerMsg
    ClientName: ChannelCallbackClient
    Severity: Trace
    Text:    Created ChannelCallbackClient
loggerMsgEnd


2025-03-19 04:40:26,340 LEVEL-TRACE Thread-[main]  Method-socketProxyConfiguration() Class name-com.refinitiv.ema.access.ChannelCallbackClient   Message-loggerMsg
    ClientName: ChannelCallbackClient
    Severity: Trace
    Text:    Successfully set a tunneling 
	 Channel name Channel_1
	Instance Name Consumer_1_1
	with the following tunneling configurations:
	TunnelingInfo
			tunnelingType: None
			HTTPproxy: false
			HTTPproxyHostName: null
			HTTPproxyPort: 0
			objectName: 
			KeystoreType: JKS
			KeystoreFile: null
			KeystorePasswd: null
			SecurityProtocol: TLS
			SecurityProtocolVersions: [1.3, 1.2]
			SecurityProvider: SunJSSE
			KeyManagerAlgorithm: SunX509
			TrustManagerAlgorithm: PKIX

	CredentialsInfo
			HTTPproxyUsername: null
			HTTPproxyPasswd: null
			HTTPproxyDomain: null
			HTTPproxyLocalHostname: null
			HTTPproxyKRB5configFile: null
	
loggerMsgEnd


2025-03-19 04:40:26,341 LEVEL-TRACE Thread-[main]  Method-initializeReactor() Class name-com.refinitiv.ema.access.ChannelCallbackClient   Message-loggerMsg
    ClientName: ChannelCallbackClient
    Severity: Trace
    Text:    Attempt to connect using 
	1] SOCKET
	Channel name Channel_1
	Instance Name Consumer_1_1
	RsslReactor @696f0212
	InterfaceName 
	hostName provider
	port 14022
	CompressionType None
	tcpNodelay true
	reconnectAttemptLimit -1
	reconnectMinDelay 1000 msec
	reconnectMaxDelay 5000 msec
	guaranteedOutputBuffers 5000
	numInputBuffers 100
	sysRecvBufSize 65535
	sysSendBufSize 65535
	connectionPingTimeout 30000 msec
	initializationTimeout 5 sec
	
loggerMsgEnd


2025-03-19 04:40:26,393 LEVEL-TRACE Thread-[main]  Method-reactorChannelEventCallback() Class name-com.refinitiv.ema.access.ChannelCallbackClient   Message-loggerMsg
    ClientName: ChannelCallbackClient
    Severity: Trace
    Text:    Received ChannelOpened on channel Channel_1
	Instance Name Consumer_1_1
loggerMsgEnd


2025-03-19 04:40:26,394 LEVEL-TRACE Thread-[main]  Method-initializeReactor() Class name-com.refinitiv.ema.access.ChannelCallbackClient   Message-loggerMsg
    ClientName: ChannelCallbackClient
    Severity: Trace
    Text:    Successfully created a Reactor and Channel(s)
	 Channel name(s) Channel_1
	Instance Name Consumer_1_1
loggerMsgEnd


2025-03-19 04:40:26,396 LEVEL-WARN  Thread-[main]  Method-reactorChannelEventCallback() Class name-com.refinitiv.ema.access.ChannelCallbackClient   Message-loggerMsg
    ClientName: ChannelCallbackClient
    Severity: Warning
    Text:    Received ChannelDownReconnecting event on channel Channel_1
	RsslReactor @696f0212
	RsslChannel @4b3c354a
	Error Id 0
	Internal sysError 0
	Error Location Reactor.processWorkerEvent
	Error text Error initializing channel: errorId=-1 text=Connection refused
loggerMsgEnd


2025-03-19 04:40:26,557 LEVEL-TRACE Thread-[main]  Method-initialize() Class name-com.refinitiv.ema.access.OmmServerBaseImpl   Message-loggerMsg
    ClientName: Provider_1_1
    Severity: Trace
    Text:    Print out active configuration detail.
	 itemCountHint: 10000
	 serviceCountHint: 10000
	 requestTimeout: 15000
	 dispatchTimeoutApiThread: 500
	 maxDispatchCountApiThread: 500
	 maxDispatchCountUserThread: 500
	 userDispatch: 0
	 configuredName: Provider_1
	 instanceName: Provider_1_1
	 xmlTraceEnable: false
	 xmlTraceToFileEnable: false
	 xmlTraceMaxFileSize: 100000000
	 xmlTraceFileName: EmaTrace
	 xmlTraceToMultipleFiles: false
	 xmlTraceWriteEnable: true
	 xmlTraceReadEnable: true
	 xmlTracePingEnable: false
	 defaultConverterServiceId: 1
	 jsonExpandedEnumFields: false
	 catchUnknownJsonKeys: false
	 catchUnknownJsonFids: true
	 closeChannelFromFailure: true
	 sendJsonConvError: false
	 globalConfig.reactorChannelEventPoolLimit: -1
	 globalConfig.reactorMsgEventPoolLimit: -1
	 globalConfig.workerEventPoolLimit: -1
	 globalConfig.tunnelStreamMsgEventPoolLimit: -1
	 globalConfig.tunnelStreamStatusEventPoolLimit: -1
	 defaultServiceName: 14002
	 acceptMessageWithoutAcceptingRequests: false
	 acceptDirMessageWithoutMinFilters: false
	 acceptMessageWithoutBeingLogin: false
	 acceptMessageSameKeyButDiffStream: false
	 acceptMessageThatChangesService: false
	 acceptMessageWithoutQosInRange: false
	 enforceAckIDValidation: false
	 operationModel: 1
	 directoryAdminControl: 1
	 dictionaryAdminControl: 1
	 refreshFirstRequired: true
	 maxFieldDictFragmentSize: 8192
	 maxEnumTypeFragmentSize: 12800
loggerMsgEnd


2025-03-19 04:40:26,560 LEVEL-TRACE Thread-[main]  Method-initialize() Class name-com.refinitiv.ema.access.OmmServerBaseImpl   Message-loggerMsg
    ClientName: Provider_1_1
    Severity: Trace
    Text:    Successfully open Selector.
loggerMsgEnd


2025-03-19 04:40:26,576 LEVEL-TRACE Thread-[main]  Method-initialize() Class name-com.refinitiv.ema.access.OmmServerBaseImpl   Message-loggerMsg
    ClientName: Provider_1_1
    Severity: Trace
    Text:    Successfully created Reactor.
loggerMsgEnd


2025-03-19 04:40:26,665 LEVEL-TRACE Thread-[main]  Method-<init>() Class name-com.refinitiv.ema.access.CallbackClient   Message-loggerMsg
    ClientName: ItemCallbackClient
    Severity: Trace
    Text:    Created ItemCallbackClient
loggerMsgEnd


2025-03-19 04:40:26,718 LEVEL-TRACE Thread-[main]  Method-initialize() Class name-com.refinitiv.ema.access.OmmServerBaseImpl   Message-loggerMsg
    ClientName: Provider_1_1
    Severity: Trace
    Text:    Provider bound on port = 14022.
loggerMsgEnd


2025-03-19 04:40:27,755 LEVEL-INFO  Thread-[main]  Method-reactorChannelEventCallback() Class name-com.refinitiv.ema.access.ChannelCallbackClient   Message-loggerMsg
    ClientName: ChannelCallbackClient
    Severity: Info
    Text:    Received ChannelUp event on channel Channel_1
	Instance Name Consumer_1_1
	Component Version ETA Java Edition|EMA Java Edition
loggerMsgEnd


2025-03-19 04:40:28,735 LEVEL-INFO  Thread-[main]  Method-reactorChannelEventCallback() Class name-com.refinitiv.ema.access.ServerChannelHandler   Message-loggerMsg
    ClientName: ServerChannelHandler
    Severity: Info
    Text:    Received ChannelUp event on ClientHandle 1
	Instance Name Provider_1_1
	Component Version ETA Java Edition|EMA Java Edition
loggerMsgEnd


2025-03-19 04:40:28,736 LEVEL-TRACE Thread-[main]  Method-reactorChannelEventCallback() Class name-com.refinitiv.ema.access.ServerChannelHandler   Message-loggerMsg
    ClientName: ServerChannelHandler
    Severity: Trace
    Text:    Received ChannelReady event on client handle 1
	Instance Name Provider_1_1
loggerMsgEnd


2025-03-19 04:40:28,740 LEVEL-TRACE Thread-[main]  Method-rdmLoginMsgCallback() Class name-com.refinitiv.ema.access.LoginHandler   Message-loggerMsg
    ClientName: LoginHandler
    Severity: Trace
    Text:    Received login request message.
	Stream Id 1
	Instance Name Provider_1_1
	Client handle 1
loggerMsgEnd


2025-03-19 04:40:28,741 LEVEL-TRACE Thread-[main]  Method-addItemInfo() Class name-com.refinitiv.ema.access.OmmServerBaseImpl   Message-loggerMsg
    ClientName: Provider_1_1
    Severity: Trace
    Text:    Added ItemInfo 1 to ItemInfoMap
	Client handle 1
loggerMsgEnd


2025-03-19 04:40:28,749 LEVEL-TRACE Thread-[main]  Method-rdmLoginMsgCallback() Class name-com.refinitiv.ema.access.LoginCallbackClient   Message-loggerMsg
    ClientName: LoginCallbackClient
    Severity: Trace
    Text:    RDMLogin stream was open with refresh message
	LoginRefresh: 
	streamId: 1
	name: root
	nameType: 1
	State: Open/Ok/None - text: "Login accepted"
	isSolicited: true
	singleOpen: 1
	allowSuspectData: 1
	supportBatchRequests: 1
	supportEnhancedSymbolList: 1

	
loggerMsgEnd


2025-03-19 04:40:29,748 LEVEL-TRACE Thread-[main]  Method-rdmDirectoryMsgCallback() Class name-com.refinitiv.ema.access.DirectoryHandler   Message-loggerMsg
    ClientName: DirectoryHandler
    Severity: Trace
    Text:    Received directory request message.
	Stream Id 2
	Client handle 1
	Instance Name Provider_1_1
loggerMsgEnd


2025-03-19 04:40:29,749 LEVEL-TRACE Thread-[main]  Method-addItemInfo() Class name-com.refinitiv.ema.access.OmmServerBaseImpl   Message-loggerMsg
    ClientName: Provider_1_1
    Severity: Trace
    Text:    Added ItemInfo 2 to ItemInfoMap
	Client handle 1
loggerMsgEnd


2025-03-19 04:40:29,757 LEVEL-TRACE Thread-[main]  Method-downloadDictionary() Class name-com.refinitiv.ema.access.DictionaryCallbackClient   Message-loggerMsg
    ClientName: DictionaryCallbackClient
    Severity: Trace
    Text:    Requested Dictionary RWFFld
	from Service ELEKTRON_DD
	on Channel 
		RsslReactorChannel name Channel_1
		RsslReactor 696f0212
		RsslReactorChannel 35beb15e
	
loggerMsgEnd


2025-03-19 04:40:29,758 LEVEL-TRACE Thread-[main]  Method-downloadDictionary() Class name-com.refinitiv.ema.access.DictionaryCallbackClient   Message-loggerMsg
    ClientName: DictionaryCallbackClient
    Severity: Trace
    Text:    Requested Dictionary RWFEnum
	from Service ELEKTRON_DD
	on Channel 
		RsslReactorChannel name Channel_1
		RsslReactor 696f0212
		RsslReactorChannel 35beb15e
	
loggerMsgEnd


2025-03-19 04:40:29,758 LEVEL-TRACE Thread-[main]  Method-rdmDirectoryMsgCallback() Class name-com.refinitiv.ema.access.DirectoryCallbackClient   Message-loggerMsg
    ClientName: DirectoryCallbackClient
    Severity: Trace
    Text:    RDMDirectory stream state was open with refresh message 
	State: State: Open/Ok/None - text: "null"
loggerMsgEnd


2025-03-19 04:40:29,759 LEVEL-TRACE Thread-[main]  Method-reactorChannelEventCallback() Class name-com.refinitiv.ema.access.ChannelCallbackClient   Message-loggerMsg
    ClientName: ChannelCallbackClient
    Severity: Trace
    Text:    Received ChannelReady event on channel Channel_1
	Instance Name Consumer_1_1
loggerMsgEnd


2025-03-19 04:40:30,754 LEVEL-TRACE Thread-[main]  Method-rdmDictionaryMsgCallback() Class name-com.refinitiv.ema.access.DictionaryHandler   Message-loggerMsg
    ClientName: DictionaryHandler
    Severity: Trace
    Text:    Received dictionary request message.
	Stream Id 3
	Client handle 1
	Instance Name Provider_1_1
loggerMsgEnd


2025-03-19 04:40:30,755 LEVEL-TRACE Thread-[main]  Method-addItemInfo() Class name-com.refinitiv.ema.access.OmmServerBaseImpl   Message-loggerMsg
    ClientName: Provider_1_1
    Severity: Trace
    Text:    Added ItemInfo 3 to ItemInfoMap
	Client handle 1
loggerMsgEnd


2025-03-19 04:40:30,764 LEVEL-TRACE Thread-[main]  Method-processCallback() Class name-com.refinitiv.ema.access.ChannelDictionary   Message-loggerMsg
    ClientName: ChannelDictionary
    Severity: Trace
    Text:    Received RDMDictionary refresh message
	Dictionary name RWFFld
	streamId 3
loggerMsgEnd


2025-03-19 04:40:30,773 LEVEL-TRACE Thread-[main]  Method-processCallback() Class name-com.refinitiv.ema.access.ChannelDictionary   Message-loggerMsg
    ClientName: ChannelDictionary
    Severity: Trace
    Text:    Received RDMDictionary refresh message
	Dictionary name RWFFld
	streamId 3
loggerMsgEnd


2025-03-19 04:40:30,777 LEVEL-TRACE Thread-[main]  Method-processCallback() Class name-com.refinitiv.ema.access.ChannelDictionary   Message-loggerMsg
    ClientName: ChannelDictionary
    Severity: Trace
    Text:    Received RDMDictionary refresh message
	Dictionary name RWFFld
	streamId 3
loggerMsgEnd


2025-03-19 04:40:30,781 LEVEL-TRACE Thread-[main]  Method-processCallback() Class name-com.refinitiv.ema.access.ChannelDictionary   Message-loggerMsg
    ClientName: ChannelDictionary
    Severity: Trace
    Text:    Received RDMDictionary refresh message
	Dictionary name RWFFld
	streamId 3
loggerMsgEnd


2025-03-19 04:40:30,785 LEVEL-TRACE Thread-[main]  Method-processCallback() Class name-com.refinitiv.ema.access.ChannelDictionary   Message-loggerMsg
    ClientName: ChannelDictionary
    Severity: Trace
    Text:    Received RDMDictionary refresh message
	Dictionary name RWFFld
	streamId 3
loggerMsgEnd


2025-03-19 04:40:30,788 LEVEL-TRACE Thread-[main]  Method-processCallback() Class name-com.refinitiv.ema.access.ChannelDictionary   Message-loggerMsg
    ClientName: ChannelDictionary
    Severity: Trace
    Text:    Received RDMDictionary refresh message
	Dictionary name RWFFld
	streamId 3
loggerMsgEnd


2025-03-19 04:40:30,790 LEVEL-TRACE Thread-[main]  Method-processCallback() Class name-com.refinitiv.ema.access.ChannelDictionary   Message-loggerMsg
    ClientName: ChannelDictionary
    Severity: Trace
    Text:    Received RDMDictionary refresh message
	Dictionary name RWFFld
	streamId 3
loggerMsgEnd


2025-03-19 04:40:30,792 LEVEL-TRACE Thread-[main]  Method-processCallback() Class name-com.refinitiv.ema.access.ChannelDictionary   Message-loggerMsg
    ClientName: ChannelDictionary
    Severity: Trace
    Text:    Received RDMDictionary refresh message
	Dictionary name RWFFld
	streamId 3
loggerMsgEnd


2025-03-19 04:40:30,795 LEVEL-TRACE Thread-[main]  Method-processCallback() Class name-com.refinitiv.ema.access.ChannelDictionary   Message-loggerMsg
    ClientName: ChannelDictionary
    Severity: Trace
    Text:    Received RDMDictionary refresh message
	Dictionary name RWFFld
	streamId 3
loggerMsgEnd


2025-03-19 04:40:30,799 LEVEL-TRACE Thread-[main]  Method-processCallback() Class name-com.refinitiv.ema.access.ChannelDictionary   Message-loggerMsg
    ClientName: ChannelDictionary
    Severity: Trace
    Text:    Received RDMDictionary refresh message
	Dictionary name RWFFld
	streamId 3
loggerMsgEnd


2025-03-19 04:40:30,800 LEVEL-TRACE Thread-[main]  Method-sendFieldDictionaryResponse() Class name-com.refinitiv.ema.access.DictionaryHandler   Message-loggerMsg
    ClientName: DictionaryHandler
    Severity: Trace
    Text:    Successfully sent field dictionary type.
	Dictionary name RWFFld
	Stream Id 3
	Client handle 1
loggerMsgEnd


2025-03-19 04:40:30,801 LEVEL-TRACE Thread-[main]  Method-rdmDictionaryMsgCallback() Class name-com.refinitiv.ema.access.DictionaryHandler   Message-loggerMsg
    ClientName: DictionaryHandler
    Severity: Trace
    Text:    Received dictionary request message.
	Stream Id 4
	Client handle 1
	Instance Name Provider_1_1
loggerMsgEnd


2025-03-19 04:40:30,801 LEVEL-TRACE Thread-[main]  Method-addItemInfo() Class name-com.refinitiv.ema.access.OmmServerBaseImpl   Message-loggerMsg
    ClientName: Provider_1_1
    Severity: Trace
    Text:    Added ItemInfo 4 to ItemInfoMap
	Client handle 1
loggerMsgEnd


2025-03-19 04:40:30,801 LEVEL-TRACE Thread-[main]  Method-processCallback() Class name-com.refinitiv.ema.access.ChannelDictionary   Message-loggerMsg
    ClientName: ChannelDictionary
    Severity: Trace
    Text:    Received RDMDictionary refresh message
	Dictionary name RWFFld
	streamId 3
loggerMsgEnd


2025-03-19 04:40:30,803 LEVEL-TRACE Thread-[main]  Method-processCallback() Class name-com.refinitiv.ema.access.ChannelDictionary   Message-loggerMsg
    ClientName: ChannelDictionary
    Severity: Trace
    Text:    Received RDMDictionary refresh message
	Dictionary name RWFFld
	streamId 3
loggerMsgEnd


2025-03-19 04:40:30,806 LEVEL-TRACE Thread-[main]  Method-processCallback() Class name-com.refinitiv.ema.access.ChannelDictionary   Message-loggerMsg
    ClientName: ChannelDictionary
    Severity: Trace
    Text:    Received RDMDictionary refresh message
	Dictionary name RWFFld
	streamId 3
loggerMsgEnd


2025-03-19 04:40:30,808 LEVEL-TRACE Thread-[main]  Method-processCallback() Class name-com.refinitiv.ema.access.ChannelDictionary   Message-loggerMsg
    ClientName: ChannelDictionary
    Severity: Trace
    Text:    Received RDMDictionary refresh message
	Dictionary name RWFFld
	streamId 3
loggerMsgEnd


2025-03-19 04:40:30,809 LEVEL-TRACE Thread-[main]  Method-processCallback() Class name-com.refinitiv.ema.access.ChannelDictionary   Message-loggerMsg
    ClientName: ChannelDictionary
    Severity: Trace
    Text:    Received RDMDictionary refresh message
	Dictionary name RWFFld
	streamId 3
loggerMsgEnd


2025-03-19 04:40:30,812 LEVEL-TRACE Thread-[main]  Method-processCallback() Class name-com.refinitiv.ema.access.ChannelDictionary   Message-loggerMsg
    ClientName: ChannelDictionary
    Severity: Trace
    Text:    Received RDMDictionary refresh message
	Dictionary name RWFFld
	streamId 3
loggerMsgEnd


2025-03-19 04:40:30,813 LEVEL-TRACE Thread-[main]  Method-processCallback() Class name-com.refinitiv.ema.access.ChannelDictionary   Message-loggerMsg
    ClientName: ChannelDictionary
    Severity: Trace
    Text:    Received RDMDictionary refresh message
	Dictionary name RWFFld
	streamId 3
loggerMsgEnd


2025-03-19 04:40:30,815 LEVEL-TRACE Thread-[main]  Method-processCallback() Class name-com.refinitiv.ema.access.ChannelDictionary   Message-loggerMsg
    ClientName: ChannelDictionary
    Severity: Trace
    Text:    Received RDMDictionary refresh message
	Dictionary name RWFFld
	streamId 3
loggerMsgEnd


2025-03-19 04:40:30,817 LEVEL-TRACE Thread-[main]  Method-processCallback() Class name-com.refinitiv.ema.access.ChannelDictionary   Message-loggerMsg
    ClientName: ChannelDictionary
    Severity: Trace
    Text:    Received RDMDictionary refresh message
	Dictionary name RWFFld
	streamId 3
loggerMsgEnd


2025-03-19 04:40:30,818 LEVEL-TRACE Thread-[main]  Method-processCallback() Class name-com.refinitiv.ema.access.ChannelDictionary   Message-loggerMsg
    ClientName: ChannelDictionary
    Severity: Trace
    Text:    Received RDMDictionary refresh message
	Dictionary name RWFFld
	streamId 3
loggerMsgEnd


2025-03-19 04:40:30,819 LEVEL-TRACE Thread-[main]  Method-processCallback() Class name-com.refinitiv.ema.access.ChannelDictionary   Message-loggerMsg
    ClientName: ChannelDictionary
    Severity: Trace
    Text:    Received RDMDictionary refresh message
	Dictionary name RWFFld
	streamId 3
loggerMsgEnd


2025-03-19 04:40:30,821 LEVEL-TRACE Thread-[main]  Method-processCallback() Class name-com.refinitiv.ema.access.ChannelDictionary   Message-loggerMsg
    ClientName: ChannelDictionary
    Severity: Trace
    Text:    Received RDMDictionary refresh message
	Dictionary name RWFFld
	streamId 3
loggerMsgEnd


2025-03-19 04:40:30,823 LEVEL-TRACE Thread-[main]  Method-processCallback() Class name-com.refinitiv.ema.access.ChannelDictionary   Message-loggerMsg
    ClientName: ChannelDictionary
    Severity: Trace
    Text:    Received RDMDictionary refresh message
	Dictionary name RWFFld
	streamId 3
loggerMsgEnd


2025-03-19 04:40:30,824 LEVEL-TRACE Thread-[main]  Method-processCallback() Class name-com.refinitiv.ema.access.ChannelDictionary   Message-loggerMsg
    ClientName: ChannelDictionary
    Severity: Trace
    Text:    Received RDMDictionary refresh message
	Dictionary name RWFFld
	streamId 3
loggerMsgEnd


2025-03-19 04:40:30,825 LEVEL-TRACE Thread-[main]  Method-processCallback() Class name-com.refinitiv.ema.access.ChannelDictionary   Message-loggerMsg
    ClientName: ChannelDictionary
    Severity: Trace
    Text:    Received RDMDictionary refresh message
	Dictionary name RWFFld
	streamId 3
loggerMsgEnd


2025-03-19 04:40:30,827 LEVEL-TRACE Thread-[main]  Method-processCallback() Class name-com.refinitiv.ema.access.ChannelDictionary   Message-loggerMsg
    ClientName: ChannelDictionary
    Severity: Trace
    Text:    Received RDMDictionary refresh message
	Dictionary name RWFFld
	streamId 3
loggerMsgEnd


2025-03-19 04:40:30,829 LEVEL-TRACE Thread-[main]  Method-processCallback() Class name-com.refinitiv.ema.access.ChannelDictionary   Message-loggerMsg
    ClientName: ChannelDictionary
    Severity: Trace
    Text:    Received RDMDictionary refresh message
	Dictionary name RWFFld
	streamId 3
loggerMsgEnd


2025-03-19 04:40:30,830 LEVEL-TRACE Thread-[main]  Method-processCallback() Class name-com.refinitiv.ema.access.ChannelDictionary   Message-loggerMsg
    ClientName: ChannelDictionary
    Severity: Trace
    Text:    Received RDMDictionary refresh message
	Dictionary name RWFFld
	streamId 3
loggerMsgEnd


2025-03-19 04:40:30,832 LEVEL-TRACE Thread-[main]  Method-processCallback() Class name-com.refinitiv.ema.access.ChannelDictionary   Message-loggerMsg
    ClientName: ChannelDictionary
    Severity: Trace
    Text:    Received RDMDictionary refresh message
	Dictionary name RWFFld
	streamId 3
loggerMsgEnd


2025-03-19 04:40:30,834 LEVEL-TRACE Thread-[main]  Method-processCallback() Class name-com.refinitiv.ema.access.ChannelDictionary   Message-loggerMsg
    ClientName: ChannelDictionary
    Severity: Trace
    Text:    Received RDMDictionary refresh message
	Dictionary name RWFFld
	streamId 3
loggerMsgEnd


2025-03-19 04:40:30,835 LEVEL-TRACE Thread-[main]  Method-processCallback() Class name-com.refinitiv.ema.access.ChannelDictionary   Message-loggerMsg
    ClientName: ChannelDictionary
    Severity: Trace
    Text:    Received RDMDictionary refresh message
	Dictionary name RWFFld
	streamId 3
loggerMsgEnd


2025-03-19 04:40:30,837 LEVEL-TRACE Thread-[main]  Method-processCallback() Class name-com.refinitiv.ema.access.ChannelDictionary   Message-loggerMsg
    ClientName: ChannelDictionary
    Severity: Trace
    Text:    Received RDMDictionary refresh message
	Dictionary name RWFFld
	streamId 3
loggerMsgEnd


2025-03-19 04:40:30,838 LEVEL-TRACE Thread-[main]  Method-processCallback() Class name-com.refinitiv.ema.access.ChannelDictionary   Message-loggerMsg
    ClientName: ChannelDictionary
    Severity: Trace
    Text:    Received RDMDictionary refresh message
	Dictionary name RWFFld
	streamId 3
loggerMsgEnd


2025-03-19 04:40:30,839 LEVEL-TRACE Thread-[main]  Method-processCallback() Class name-com.refinitiv.ema.access.ChannelDictionary   Message-loggerMsg
    ClientName: ChannelDictionary
    Severity: Trace
    Text:    Received RDMDictionary refresh message
	Dictionary name RWFFld
	streamId 3
loggerMsgEnd


2025-03-19 04:40:30,840 LEVEL-TRACE Thread-[main]  Method-processCallback() Class name-com.refinitiv.ema.access.ChannelDictionary   Message-loggerMsg
    ClientName: ChannelDictionary
    Severity: Trace
    Text:    Received RDMDictionary refresh message
	Dictionary name RWFFld
	streamId 3
loggerMsgEnd


2025-03-19 04:40:30,843 LEVEL-TRACE Thread-[main]  Method-processCallback() Class name-com.refinitiv.ema.access.ChannelDictionary   Message-loggerMsg
    ClientName: ChannelDictionary
    Severity: Trace
    Text:    Received RDMDictionary refresh message
	Dictionary name RWFFld
	streamId 3
loggerMsgEnd


2025-03-19 04:40:30,845 LEVEL-TRACE Thread-[main]  Method-processCallback() Class name-com.refinitiv.ema.access.ChannelDictionary   Message-loggerMsg
    ClientName: ChannelDictionary
    Severity: Trace
    Text:    Received RDMDictionary refresh message
	Dictionary name RWFFld
	streamId 3
loggerMsgEnd


2025-03-19 04:40:30,846 LEVEL-TRACE Thread-[main]  Method-processCallback() Class name-com.refinitiv.ema.access.ChannelDictionary   Message-loggerMsg
    ClientName: ChannelDictionary
    Severity: Trace
    Text:    Received RDMDictionary refresh message
	Dictionary name RWFFld
	streamId 3
loggerMsgEnd


2025-03-19 04:40:30,847 LEVEL-TRACE Thread-[main]  Method-processCallback() Class name-com.refinitiv.ema.access.ChannelDictionary   Message-loggerMsg
    ClientName: ChannelDictionary
    Severity: Trace
    Text:    Received RDMDictionary refresh message
	Dictionary name RWFFld
	streamId 3
loggerMsgEnd


2025-03-19 04:40:30,848 LEVEL-TRACE Thread-[main]  Method-processCallback() Class name-com.refinitiv.ema.access.ChannelDictionary   Message-loggerMsg
    ClientName: ChannelDictionary
    Severity: Trace
    Text:    Received RDMDictionary refresh message
	Dictionary name RWFFld
	streamId 3
loggerMsgEnd


2025-03-19 04:40:30,848 LEVEL-TRACE Thread-[main]  Method-processCallback() Class name-com.refinitiv.ema.access.ChannelDictionary   Message-loggerMsg
    ClientName: ChannelDictionary
    Severity: Trace
    Text:    Received RDMDictionary refresh message
	Dictionary name RWFFld
	streamId 3
loggerMsgEnd


2025-03-19 04:40:30,849 LEVEL-TRACE Thread-[main]  Method-processCallback() Class name-com.refinitiv.ema.access.ChannelDictionary   Message-loggerMsg
    ClientName: ChannelDictionary
    Severity: Trace
    Text:    Received RDMDictionary refresh message
	Dictionary name RWFFld
	streamId 3
loggerMsgEnd


2025-03-19 04:40:30,850 LEVEL-TRACE Thread-[main]  Method-processCallback() Class name-com.refinitiv.ema.access.ChannelDictionary   Message-loggerMsg
    ClientName: ChannelDictionary
    Severity: Trace
    Text:    Received RDMDictionary refresh message
	Dictionary name RWFFld
	streamId 3
loggerMsgEnd


2025-03-19 04:40:30,852 LEVEL-TRACE Thread-[main]  Method-processCallback() Class name-com.refinitiv.ema.access.ChannelDictionary   Message-loggerMsg
    ClientName: ChannelDictionary
    Severity: Trace
    Text:    Received RDMDictionary refresh message
	Dictionary name RWFFld
	streamId 3
loggerMsgEnd


2025-03-19 04:40:30,852 LEVEL-TRACE Thread-[main]  Method-processCallback() Class name-com.refinitiv.ema.access.ChannelDictionary   Message-loggerMsg
    ClientName: ChannelDictionary
    Severity: Trace
    Text:    Received RDMDictionary refresh message
	Dictionary name RWFFld
	streamId 3
loggerMsgEnd


2025-03-19 04:40:30,854 LEVEL-TRACE Thread-[main]  Method-processCallback() Class name-com.refinitiv.ema.access.ChannelDictionary   Message-loggerMsg
    ClientName: ChannelDictionary
    Severity: Trace
    Text:    Received RDMDictionary refresh message
	Dictionary name RWFFld
	streamId 3
loggerMsgEnd


2025-03-19 04:40:30,855 LEVEL-TRACE Thread-[main]  Method-processCallback() Class name-com.refinitiv.ema.access.ChannelDictionary   Message-loggerMsg
    ClientName: ChannelDictionary
    Severity: Trace
    Text:    Received RDMDictionary refresh message
	Dictionary name RWFFld
	streamId 3
loggerMsgEnd


2025-03-19 04:40:30,855 LEVEL-TRACE Thread-[main]  Method-processCallback() Class name-com.refinitiv.ema.access.ChannelDictionary   Message-loggerMsg
    ClientName: ChannelDictionary
    Severity: Trace
    Text:    Received RDMDictionary refresh message
	Dictionary name RWFFld
	streamId 3
loggerMsgEnd


2025-03-19 04:40:30,856 LEVEL-TRACE Thread-[main]  Method-processCallback() Class name-com.refinitiv.ema.access.ChannelDictionary   Message-loggerMsg
    ClientName: ChannelDictionary
    Severity: Trace
    Text:    Received RDMDictionary refresh message
	Dictionary name RWFFld
	streamId 3
loggerMsgEnd


2025-03-19 04:40:30,857 LEVEL-TRACE Thread-[main]  Method-sendEnumTypeDictionaryResponse() Class name-com.refinitiv.ema.access.DictionaryHandler   Message-loggerMsg
    ClientName: DictionaryHandler
    Severity: Trace
    Text:    Successfully sent enumeration dictionary type.
	Dictionary name RWFEnum
	Stream Id 4
	Client handle 1
loggerMsgEnd


2025-03-19 04:40:30,857 LEVEL-TRACE Thread-[main]  Method-processCallback() Class name-com.refinitiv.ema.access.ChannelDictionary   Message-loggerMsg
    ClientName: ChannelDictionary
    Severity: Trace
    Text:    Received RDMDictionary refresh message
	Dictionary name RWFFld
	streamId 3
loggerMsgEnd


2025-03-19 04:40:30,858 LEVEL-TRACE Thread-[main]  Method-processCallback() Class name-com.refinitiv.ema.access.ChannelDictionary   Message-loggerMsg
    ClientName: ChannelDictionary
    Severity: Trace
    Text:    Received RDMDictionary refresh message
	Dictionary name RWFFld
	streamId 3
loggerMsgEnd


2025-03-19 04:40:30,859 LEVEL-TRACE Thread-[main]  Method-processCallback() Class name-com.refinitiv.ema.access.ChannelDictionary   Message-loggerMsg
    ClientName: ChannelDictionary
    Severity: Trace
    Text:    Received RDMDictionary refresh message
	Dictionary name RWFFld
	streamId 3
loggerMsgEnd


2025-03-19 04:40:30,860 LEVEL-TRACE Thread-[main]  Method-processCallback() Class name-com.refinitiv.ema.access.ChannelDictionary   Message-loggerMsg
    ClientName: ChannelDictionary
    Severity: Trace
    Text:    Received RDMDictionary refresh message
	Dictionary name RWFFld
	streamId 3
loggerMsgEnd


2025-03-19 04:40:30,860 LEVEL-TRACE Thread-[main]  Method-processCallback() Class name-com.refinitiv.ema.access.ChannelDictionary   Message-loggerMsg
    ClientName: ChannelDictionary
    Severity: Trace
    Text:    Received RDMDictionary refresh message
	Dictionary name RWFFld
	streamId 3
loggerMsgEnd


2025-03-19 04:40:30,861 LEVEL-TRACE Thread-[main]  Method-processCallback() Class name-com.refinitiv.ema.access.ChannelDictionary   Message-loggerMsg
    ClientName: ChannelDictionary
    Severity: Trace
    Text:    Received RDMDictionary refresh message
	Dictionary name RWFFld
	streamId 3
loggerMsgEnd


2025-03-19 04:40:30,862 LEVEL-TRACE Thread-[main]  Method-processCallback() Class name-com.refinitiv.ema.access.ChannelDictionary   Message-loggerMsg
    ClientName: ChannelDictionary
    Severity: Trace
    Text:    Received RDMDictionary refresh message
	Dictionary name RWFFld
	streamId 3
loggerMsgEnd


2025-03-19 04:40:30,862 LEVEL-TRACE Thread-[main]  Method-processCallback() Class name-com.refinitiv.ema.access.ChannelDictionary   Message-loggerMsg
    ClientName: ChannelDictionary
    Severity: Trace
    Text:    Received RDMDictionary refresh message
	Dictionary name RWFFld
	streamId 3
loggerMsgEnd


2025-03-19 04:40:30,863 LEVEL-TRACE Thread-[main]  Method-processCallback() Class name-com.refinitiv.ema.access.ChannelDictionary   Message-loggerMsg
    ClientName: ChannelDictionary
    Severity: Trace
    Text:    Received RDMDictionary refresh message
	Dictionary name RWFFld
	streamId 3
loggerMsgEnd


2025-03-19 04:40:30,864 LEVEL-TRACE Thread-[main]  Method-processCallback() Class name-com.refinitiv.ema.access.ChannelDictionary   Message-loggerMsg
    ClientName: ChannelDictionary
    Severity: Trace
    Text:    Received RDMDictionary refresh message
	Dictionary name RWFFld
	streamId 3
loggerMsgEnd


2025-03-19 04:40:30,865 LEVEL-TRACE Thread-[main]  Method-processCallback() Class name-com.refinitiv.ema.access.ChannelDictionary   Message-loggerMsg
    ClientName: ChannelDictionary
    Severity: Trace
    Text:    Received RDMDictionary refresh message
	Dictionary name RWFFld
	streamId 3
loggerMsgEnd


2025-03-19 04:40:30,865 LEVEL-TRACE Thread-[main]  Method-processCallback() Class name-com.refinitiv.ema.access.ChannelDictionary   Message-loggerMsg
    ClientName: ChannelDictionary
    Severity: Trace
    Text:    Received RDMDictionary refresh message
	Dictionary name RWFFld
	streamId 3
loggerMsgEnd


2025-03-19 04:40:30,866 LEVEL-TRACE Thread-[main]  Method-processCallback() Class name-com.refinitiv.ema.access.ChannelDictionary   Message-loggerMsg
    ClientName: ChannelDictionary
    Severity: Trace
    Text:    Received RDMDictionary refresh message
	Dictionary name RWFFld
	streamId 3
loggerMsgEnd


2025-03-19 04:40:30,867 LEVEL-TRACE Thread-[main]  Method-processCallback() Class name-com.refinitiv.ema.access.ChannelDictionary   Message-loggerMsg
    ClientName: ChannelDictionary
    Severity: Trace
    Text:    Received RDMDictionary refresh message
	Dictionary name RWFFld
	streamId 3
loggerMsgEnd


2025-03-19 04:40:30,868 LEVEL-TRACE Thread-[main]  Method-processCallback() Class name-com.refinitiv.ema.access.ChannelDictionary   Message-loggerMsg
    ClientName: ChannelDictionary
    Severity: Trace
    Text:    Received RDMDictionary refresh message
	Dictionary name RWFFld
	streamId 3
loggerMsgEnd


2025-03-19 04:40:30,869 LEVEL-TRACE Thread-[main]  Method-processCallback() Class name-com.refinitiv.ema.access.ChannelDictionary   Message-loggerMsg
    ClientName: ChannelDictionary
    Severity: Trace
    Text:    Received RDMDictionary refresh message
	Dictionary name RWFFld
	streamId 3
loggerMsgEnd


2025-03-19 04:40:30,869 LEVEL-TRACE Thread-[main]  Method-processCallback() Class name-com.refinitiv.ema.access.ChannelDictionary   Message-loggerMsg
    ClientName: ChannelDictionary
    Severity: Trace
    Text:    Received RDMDictionary refresh message
	Dictionary name RWFFld
	streamId 3
loggerMsgEnd


2025-03-19 04:40:30,870 LEVEL-TRACE Thread-[main]  Method-processCallback() Class name-com.refinitiv.ema.access.ChannelDictionary   Message-loggerMsg
    ClientName: ChannelDictionary
    Severity: Trace
    Text:    Received RDMDictionary refresh message
	Dictionary name RWFFld
	streamId 3
loggerMsgEnd


2025-03-19 04:40:30,871 LEVEL-TRACE Thread-[main]  Method-processCallback() Class name-com.refinitiv.ema.access.ChannelDictionary   Message-loggerMsg
    ClientName: ChannelDictionary
    Severity: Trace
    Text:    Received RDMDictionary refresh message
	Dictionary name RWFFld
	streamId 3
loggerMsgEnd


2025-03-19 04:40:30,871 LEVEL-TRACE Thread-[main]  Method-processCallback() Class name-com.refinitiv.ema.access.ChannelDictionary   Message-loggerMsg
    ClientName: ChannelDictionary
    Severity: Trace
    Text:    Received RDMDictionary refresh message
	Dictionary name RWFFld
	streamId 3
loggerMsgEnd


2025-03-19 04:40:30,873 LEVEL-TRACE Thread-[main]  Method-processCallback() Class name-com.refinitiv.ema.access.ChannelDictionary   Message-loggerMsg
    ClientName: ChannelDictionary
    Severity: Trace
    Text:    Received RDMDictionary refresh message
	Dictionary name RWFFld
	streamId 3
loggerMsgEnd


2025-03-19 04:40:30,873 LEVEL-TRACE Thread-[main]  Method-processCallback() Class name-com.refinitiv.ema.access.ChannelDictionary   Message-loggerMsg
    ClientName: ChannelDictionary
    Severity: Trace
    Text:    Received RDMDictionary refresh message
	Dictionary name RWFFld
	streamId 3
loggerMsgEnd


2025-03-19 04:40:30,874 LEVEL-TRACE Thread-[main]  Method-processCallback() Class name-com.refinitiv.ema.access.ChannelDictionary   Message-loggerMsg
    ClientName: ChannelDictionary
    Severity: Trace
    Text:    Received RDMDictionary refresh message
	Dictionary name RWFFld
	streamId 3
loggerMsgEnd


2025-03-19 04:40:30,874 LEVEL-TRACE Thread-[main]  Method-processCallback() Class name-com.refinitiv.ema.access.ChannelDictionary   Message-loggerMsg
    ClientName: ChannelDictionary
    Severity: Trace
    Text:    Received RDMDictionary refresh message
	Dictionary name RWFFld
	streamId 3
loggerMsgEnd


2025-03-19 04:40:30,875 LEVEL-TRACE Thread-[main]  Method-processCallback() Class name-com.refinitiv.ema.access.ChannelDictionary   Message-loggerMsg
    ClientName: ChannelDictionary
    Severity: Trace
    Text:    Received RDMDictionary refresh message
	Dictionary name RWFFld
	streamId 3
loggerMsgEnd


2025-03-19 04:40:30,875 LEVEL-TRACE Thread-[main]  Method-processCallback() Class name-com.refinitiv.ema.access.ChannelDictionary   Message-loggerMsg
    ClientName: ChannelDictionary
    Severity: Trace
    Text:    Received RDMDictionary refresh complete message
	dictionary name RWFFld
	streamId 3
loggerMsgEnd


2025-03-19 04:40:30,876 LEVEL-TRACE Thread-[main]  Method-processCallback() Class name-com.refinitiv.ema.access.ChannelDictionary   Message-loggerMsg
    ClientName: ChannelDictionary
    Severity: Trace
    Text:    Received RDMDictionary refresh message
	Dictionary name RWFEnum
	streamId 4
loggerMsgEnd


2025-03-19 04:40:30,880 LEVEL-TRACE Thread-[main]  Method-processCallback() Class name-com.refinitiv.ema.access.ChannelDictionary   Message-loggerMsg
    ClientName: ChannelDictionary
    Severity: Trace
    Text:    Received RDMDictionary refresh message
	Dictionary name RWFEnum
	streamId 4
loggerMsgEnd


2025-03-19 04:40:30,881 LEVEL-TRACE Thread-[main]  Method-processCallback() Class name-com.refinitiv.ema.access.ChannelDictionary   Message-loggerMsg
    ClientName: ChannelDictionary
    Severity: Trace
    Text:    Received RDMDictionary refresh message
	Dictionary name RWFEnum
	streamId 4
loggerMsgEnd


2025-03-19 04:40:30,883 LEVEL-TRACE Thread-[main]  Method-processCallback() Class name-com.refinitiv.ema.access.ChannelDictionary   Message-loggerMsg
    ClientName: ChannelDictionary
    Severity: Trace
    Text:    Received RDMDictionary refresh message
	Dictionary name RWFEnum
	streamId 4
loggerMsgEnd


2025-03-19 04:40:30,885 LEVEL-TRACE Thread-[main]  Method-processCallback() Class name-com.refinitiv.ema.access.ChannelDictionary   Message-loggerMsg
    ClientName: ChannelDictionary
    Severity: Trace
    Text:    Received RDMDictionary refresh message
	Dictionary name RWFEnum
	streamId 4
loggerMsgEnd


2025-03-19 04:40:30,887 LEVEL-TRACE Thread-[main]  Method-processCallback() Class name-com.refinitiv.ema.access.ChannelDictionary   Message-loggerMsg
    ClientName: ChannelDictionary
    Severity: Trace
    Text:    Received RDMDictionary refresh message
	Dictionary name RWFEnum
	streamId 4
loggerMsgEnd


2025-03-19 04:40:30,889 LEVEL-TRACE Thread-[main]  Method-processCallback() Class name-com.refinitiv.ema.access.ChannelDictionary   Message-loggerMsg
    ClientName: ChannelDictionary
    Severity: Trace
    Text:    Received RDMDictionary refresh message
	Dictionary name RWFEnum
	streamId 4
loggerMsgEnd


2025-03-19 04:40:30,891 LEVEL-TRACE Thread-[main]  Method-processCallback() Class name-com.refinitiv.ema.access.ChannelDictionary   Message-loggerMsg
    ClientName: ChannelDictionary
    Severity: Trace
    Text:    Received RDMDictionary refresh message
	Dictionary name RWFEnum
	streamId 4
loggerMsgEnd


2025-03-19 04:40:30,892 LEVEL-TRACE Thread-[main]  Method-processCallback() Class name-com.refinitiv.ema.access.ChannelDictionary   Message-loggerMsg
    ClientName: ChannelDictionary
    Severity: Trace
    Text:    Received RDMDictionary refresh message
	Dictionary name RWFEnum
	streamId 4
loggerMsgEnd


2025-03-19 04:40:30,894 LEVEL-TRACE Thread-[main]  Method-processCallback() Class name-com.refinitiv.ema.access.ChannelDictionary   Message-loggerMsg
    ClientName: ChannelDictionary
    Severity: Trace
    Text:    Received RDMDictionary refresh message
	Dictionary name RWFEnum
	streamId 4
loggerMsgEnd


2025-03-19 04:40:30,896 LEVEL-TRACE Thread-[main]  Method-processCallback() Class name-com.refinitiv.ema.access.ChannelDictionary   Message-loggerMsg
    ClientName: ChannelDictionary
    Severity: Trace
    Text:    Received RDMDictionary refresh message
	Dictionary name RWFEnum
	streamId 4
loggerMsgEnd


2025-03-19 04:40:30,897 LEVEL-TRACE Thread-[main]  Method-processCallback() Class name-com.refinitiv.ema.access.ChannelDictionary   Message-loggerMsg
    ClientName: ChannelDictionary
    Severity: Trace
    Text:    Received RDMDictionary refresh message
	Dictionary name RWFEnum
	streamId 4
loggerMsgEnd


2025-03-19 04:40:30,898 LEVEL-TRACE Thread-[main]  Method-processCallback() Class name-com.refinitiv.ema.access.ChannelDictionary   Message-loggerMsg
    ClientName: ChannelDictionary
    Severity: Trace
    Text:    Received RDMDictionary refresh message
	Dictionary name RWFEnum
	streamId 4
loggerMsgEnd


2025-03-19 04:40:30,899 LEVEL-TRACE Thread-[main]  Method-processCallback() Class name-com.refinitiv.ema.access.ChannelDictionary   Message-loggerMsg
    ClientName: ChannelDictionary
    Severity: Trace
    Text:    Received RDMDictionary refresh complete message
	dictionary name RWFEnum
	streamId 4
loggerMsgEnd


2025-03-19 04:40:30,902 LEVEL-TRACE Thread-[main]  Method-addToItemMap() Class name-com.refinitiv.ema.access.ItemCallbackClient   Message-loggerMsg
    ClientName: ItemCallbackClient
    Severity: Trace
    Text:    Added Item 1 to item map
	Instance name Consumer_1_1
loggerMsgEnd


2025-03-19 04:40:30,908 LEVEL-TRACE Thread-[main]  Method-addToMap() Class name-com.refinitiv.ema.access.ItemCallbackClient   Message-loggerMsg
    ClientName: ItemCallbackClient
    Severity: Trace
    Text:    Added Item 2 of StreamId 5 to item map
	Instance name Consumer_1_1
loggerMsgEnd


2025-03-19 04:40:30,918 LEVEL-TRACE Thread-[main]  Method-addToMap() Class name-com.refinitiv.ema.access.ItemCallbackClient   Message-loggerMsg
    ClientName: ItemCallbackClient
    Severity: Trace
    Text:    Added Item 3 of StreamId 6 to item map
	Instance name Consumer_1_1
loggerMsgEnd


2025-03-19 04:40:31,858 LEVEL-TRACE Thread-[main]  Method-logReceivedMessage() Class name-com.refinitiv.ema.access.MarketItemHandler   Message-loggerMsg
    ClientName: MarketItemHandler
    Severity: Trace
    Text:    Received request message.
	Stream Id 5
	Client handle 1
	Instance Name Provider_1_1
loggerMsgEnd


2025-03-19 04:40:31,859 LEVEL-TRACE Thread-[main]  Method-addItemInfo() Class name-com.refinitiv.ema.access.OmmServerBaseImpl   Message-loggerMsg
    ClientName: Provider_1_1
    Severity: Trace
    Text:    Added ItemInfo 5 to ItemInfoMap
	Client handle 1
loggerMsgEnd


2025-03-19 04:40:31,860 LEVEL-TRACE Thread-[main]  Method-submit() Class name-com.refinitiv.ema.access.OmmIProviderImpl   Message-loggerMsg
    ClientName: Provider_1_1
    Severity: Trace
    Text:    Received RefreshMsg with domain type MarketPrice Domain; handle = 5, user assigned streamId = 0.
loggerMsgEnd


2025-03-19 04:40:32,862 LEVEL-TRACE Thread-[main]  Method-submit() Class name-com.refinitiv.ema.access.OmmIProviderImpl   Message-loggerMsg
    ClientName: Provider_1_1
    Severity: Trace
    Text:    Received UpdateMsg with domain type MarketPrice Domain; handle = 5, user assigned streamId = 0.
loggerMsgEnd


2025-03-19 04:40:33,863 LEVEL-TRACE Thread-[main]  Method-submit() Class name-com.refinitiv.ema.access.OmmIProviderImpl   Message-loggerMsg
    ClientName: Provider_1_1
    Severity: Trace
    Text:    Received UpdateMsg with domain type MarketPrice Domain; handle = 5, user assigned streamId = 0.
loggerMsgEnd


2025-03-19 04:40:34,865 LEVEL-TRACE Thread-[main]  Method-submit() Class name-com.refinitiv.ema.access.OmmIProviderImpl   Message-loggerMsg
    ClientName: Provider_1_1
    Severity: Trace
    Text:    Received UpdateMsg with domain type MarketPrice Domain; handle = 5, user assigned streamId = 0.
loggerMsgEnd


2025-03-19 04:40:35,867 LEVEL-TRACE Thread-[main]  Method-submit() Class name-com.refinitiv.ema.access.OmmIProviderImpl   Message-loggerMsg
    ClientName: Provider_1_1
    Severity: Trace
    Text:    Received UpdateMsg with domain type MarketPrice Domain; handle = 5, user assigned streamId = 0.
loggerMsgEnd


2025-03-19 04:40:36,869 LEVEL-TRACE Thread-[main]  Method-submit() Class name-com.refinitiv.ema.access.OmmIProviderImpl   Message-loggerMsg
    ClientName: Provider_1_1
    Severity: Trace
    Text:    Received UpdateMsg with domain type MarketPrice Domain; handle = 5, user assigned streamId = 0.
loggerMsgEnd


2025-03-19 04:40:37,870 LEVEL-TRACE Thread-[main]  Method-submit() Class name-com.refinitiv.ema.access.OmmIProviderImpl   Message-loggerMsg
    ClientName: Provider_1_1
    Severity: Trace
    Text:    Received UpdateMsg with domain type MarketPrice Domain; handle = 5, user assigned streamId = 0.
loggerMsgEnd


2025-03-19 04:40:38,872 LEVEL-TRACE Thread-[main]  Method-submit() Class name-com.refinitiv.ema.access.OmmIProviderImpl   Message-loggerMsg
    ClientName: Provider_1_1
    Severity: Trace
    Text:    Received UpdateMsg with domain type MarketPrice Domain; handle = 5, user assigned streamId = 0.
loggerMsgEnd


2025-03-19 04:40:39,874 LEVEL-TRACE Thread-[main]  Method-submit() Class name-com.refinitiv.ema.access.OmmIProviderImpl   Message-loggerMsg
    ClientName: Provider_1_1
    Severity: Trace
    Text:    Received UpdateMsg with domain type MarketPrice Domain; handle = 5, user assigned streamId = 0.
loggerMsgEnd


2025-03-19 04:40:40,875 LEVEL-TRACE Thread-[main]  Method-submit() Class name-com.refinitiv.ema.access.OmmIProviderImpl   Message-loggerMsg
    ClientName: Provider_1_1
    Severity: Trace
    Text:    Received UpdateMsg with domain type MarketPrice Domain; handle = 5, user assigned streamId = 0.
loggerMsgEnd


2025-03-19 04:40:41,877 LEVEL-TRACE Thread-[main]  Method-submit() Class name-com.refinitiv.ema.access.OmmIProviderImpl   Message-loggerMsg
    ClientName: Provider_1_1
    Severity: Trace
    Text:    Received UpdateMsg with domain type MarketPrice Domain; handle = 5, user assigned streamId = 0.
loggerMsgEnd


2025-03-19 04:40:42,877 LEVEL-TRACE Thread-[main]  Method-submit() Class name-com.refinitiv.ema.access.OmmIProviderImpl   Message-loggerMsg
    ClientName: Provider_1_1
    Severity: Trace
    Text:    Received UpdateMsg with domain type MarketPrice Domain; handle = 5, user assigned streamId = 0.
loggerMsgEnd


2025-03-19 04:40:43,881 LEVEL-ERROR Thread-[main]  Method-reactorChannelEventCallback() Class name-com.refinitiv.ema.access.ServerChannelHandler   Message-loggerMsg
    ClientName: ServerChannelHandler
    Severity: Warning
    Text:    Received ChannelDown event on client handle 1
	Instance Name Provider_1_1
	RsslReactor @751d3241
	RsslChannel @76c7beb3
	Error Id 0
	Internal sysError 0
	Error Location null
	Error text SocketChannel.read returned -1 (end-of-stream)
loggerMsgEnd


2025-03-19 04:40:43,883 LEVEL-TRACE Thread-[main]  Method-removeItemInfo() Class name-com.refinitiv.ema.access.OmmServerBaseImpl   Message-loggerMsg
    ClientName: Provider_1_1
    Severity: Trace
    Text:    Removed ItemInfo 1 from ItemInfoMap
	Client handle 1
loggerMsgEnd


2025-03-19 04:40:43,884 LEVEL-TRACE Thread-[main]  Method-removeItemInfo() Class name-com.refinitiv.ema.access.OmmServerBaseImpl   Message-loggerMsg
    ClientName: Provider_1_1
    Severity: Trace
    Text:    Removed ItemInfo 2 from ItemInfoMap
	Client handle 1
loggerMsgEnd


2025-03-19 04:40:43,884 LEVEL-TRACE Thread-[main]  Method-removeItemInfo() Class name-com.refinitiv.ema.access.OmmServerBaseImpl   Message-loggerMsg
    ClientName: Provider_1_1
    Severity: Trace
    Text:    Removed ItemInfo 3 from ItemInfoMap
	Client handle 1
loggerMsgEnd


2025-03-19 04:40:43,885 LEVEL-TRACE Thread-[main]  Method-removeItemInfo() Class name-com.refinitiv.ema.access.OmmServerBaseImpl   Message-loggerMsg
    ClientName: Provider_1_1
    Severity: Trace
    Text:    Removed ItemInfo 4 from ItemInfoMap
	Client handle 1
loggerMsgEnd


2025-03-19 04:40:43,886 LEVEL-TRACE Thread-[main]  Method-removeItemInfo() Class name-com.refinitiv.ema.access.OmmServerBaseImpl   Message-loggerMsg
    ClientName: Provider_1_1
    Severity: Trace
    Text:    Removed ItemInfo 5 from ItemInfoMap
	Client handle 1
loggerMsgEnd


