07:10:48.565 [main] INFO  com.refinitiv.ema.provider.IProvider_App - Starting IProvider_App application, waiting for a consumer application
07:10:51.624 [main] INFO  com.refinitiv.ema.provider.AppClient - IProvider_App.AppClient: Received Consumer Login Request Message
07:10:51.630 [main] INFO  com.refinitiv.ema.provider.AppClient - IProvider_App.AppClient: Sent Login Refresh message
07:10:54.754 [main] INFO  com.refinitiv.ema.provider.AppClient - IProvider_App.AppClient: Received Market Price Item Request message
07:10:54.757 [main] INFO  com.refinitiv.ema.provider.AppClient - IProvider_App.AppClient: Sent Market Price Refresh message
07:10:55.759 [main] INFO  com.refinitiv.ema.provider.IProvider_App - IProvider_App: Sent Market Price Update message
07:10:56.761 [main] INFO  com.refinitiv.ema.provider.IProvider_App - IProvider_App: Sent Market Price Update message
07:10:57.763 [main] INFO  com.refinitiv.ema.provider.IProvider_App - IProvider_App: Sent Market Price Update message
07:10:58.764 [main] INFO  com.refinitiv.ema.provider.IProvider_App - IProvider_App: Sent Market Price Update message
07:10:59.766 [main] INFO  com.refinitiv.ema.provider.IProvider_App - IProvider_App: Sent Market Price Update message
07:11:00.768 [main] INFO  com.refinitiv.ema.provider.IProvider_App - IProvider_App: Sent Market Price Update message
07:11:01.777 [main] ERROR com.refinitiv.ema.provider.IProvider_App - Attempt to submit UpdateMsg with non existent Handle = 5.
08:08:58.364 [main] INFO  com.refinitiv.ema.provider.IProvider_App - Starting IProvider_App application, waiting for a consumer application
08:09:01.401 [main] INFO  com.refinitiv.ema.provider.AppClient - IProvider_App.AppClient: Received Consumer Login Request Message
08:09:01.413 [main] INFO  com.refinitiv.ema.provider.AppClient - IProvider_App.AppClient: Sent Login Refresh message
08:09:04.529 [main] INFO  com.refinitiv.ema.provider.AppClient - IProvider_App.AppClient: Received Market Price Item Request message
08:09:04.530 [main] INFO  com.refinitiv.ema.provider.AppClient - IProvider_App.AppClient: Sent Market Price Refresh message
08:09:05.532 [main] INFO  com.refinitiv.ema.provider.IProvider_App - IProvider_App: Sent Market Price Update message
08:09:06.533 [main] INFO  com.refinitiv.ema.provider.IProvider_App - IProvider_App: Sent Market Price Update message
08:09:07.535 [main] INFO  com.refinitiv.ema.provider.IProvider_App - IProvider_App: Sent Market Price Update message
08:09:08.535 [main] INFO  com.refinitiv.ema.provider.IProvider_App - IProvider_App: Sent Market Price Update message
08:09:09.536 [main] INFO  com.refinitiv.ema.provider.IProvider_App - IProvider_App: Sent Market Price Update message
08:09:10.543 [main] ERROR com.refinitiv.ema.provider.IProvider_App - Attempt to submit UpdateMsg with non existent Handle = 5.
