16:20:16.837 [main] INFO  com.refinitiv.ema.consumer.Consumer_App - Starting Consumer_App application
16:20:19.262 [main] INFO  com.refinitiv.ema.consumer.Consumer_App - Consumer_App: Register Login stream
16:20:19.264 [main] INFO  com.refinitiv.ema.consumer.Consumer_App - Consumer_App: Register Directory stream
16:20:19.264 [pool-3-thread-1] INFO  com.refinitiv.ema.consumer.AppClient - Consumer_App.AppClient: Receives Market Price Refresh message
16:20:19.266 [main] INFO  com.refinitiv.ema.consumer.Consumer_App - Consumer_App: Send item request message
16:20:19.275 [pool-3-thread-1] INFO  com.refinitiv.ema.consumer.AppClient - Item Name: U8004042
16:20:19.276 [pool-3-thread-1] INFO  com.refinitiv.ema.consumer.AppClient - Service Name: <not set>
16:20:19.277 [pool-3-thread-1] INFO  com.refinitiv.ema.consumer.AppClient - Item State: Open / Ok / None / 'Login accepted'
16:20:19.278 [pool-3-thread-1] INFO  com.refinitiv.ema.consumer.AppClient - RefreshMsg
    streamId="1"
    domain="Login Domain"
    solicited
    RefreshComplete
    state="Open / Ok / None / 'Login accepted'"
    itemGroup="00 00"
    name="U8004042"
    nameType="1"
    Attrib dataType="ElementList"
        ElementList
        ElementListEnd
    AttribEnd
RefreshMsgEnd

16:20:19.291 [pool-3-thread-1] INFO  com.refinitiv.ema.consumer.AppClient - 

16:20:19.295 [pool-3-thread-1] INFO  com.refinitiv.ema.consumer.AppClient - Consumer_App.AppClient: Receives Market Price Refresh message
16:20:19.301 [pool-3-thread-1] INFO  com.refinitiv.ema.consumer.AppClient - Item Name: <not set>
16:20:19.302 [pool-3-thread-1] INFO  com.refinitiv.ema.consumer.AppClient - Service Name: <not set>
16:20:19.303 [pool-3-thread-1] INFO  com.refinitiv.ema.consumer.AppClient - Item State: Open / Ok / None / ''
16:20:19.306 [pool-3-thread-1] INFO  com.refinitiv.ema.consumer.AppClient - RefreshMsg
    streamId="5"
    domain="Directory Domain"
    solicited
    RefreshComplete
    state="Open / Ok / None / ''"
    itemGroup="00 00"
    filter="0"
    Payload dataType="Map"
        Map
            MapEntry action="Add" key dataType="UInt" value="1" dataType="FilterList"
                FilterList
                    FilterEntry action="Set" filterId="1 dataType="ElementList"
                        ElementList
                            ElementEntry name="Name" dataType="Ascii" value="ELEKTRON_DD"
                            ElementEntry name="Vendor" dataType="Ascii" value="company name"
                            ElementEntry name="IsSource" dataType="UInt" value="0"
                            ElementEntry name="Capabilities" dataType="OmmArray"
                                OmmArray with entries of dataType="UInt"
                                    value=""6"
                                    value=""7"
                                    value=""8"
                                    value=""5"
                                    value=""200"
                                OmmArrayEnd
                            ElementEntryEnd
                            ElementEntry name="DictionariesProvided" dataType="OmmArray"
                                OmmArray with entries of dataType="Ascii"
                                    value=""RWFFld"
                                    value=""RWFEnum"
                                OmmArrayEnd
                            ElementEntryEnd
                            ElementEntry name="DictionariesUsed" dataType="OmmArray"
                                OmmArray with entries of dataType="Ascii"
                                    value=""RWFFld"
                                    value=""RWFEnum"
                                OmmArrayEnd
                            ElementEntryEnd
                            ElementEntry name="QoS" dataType="OmmArray"
                                OmmArray with entries of dataType="Qos"
                                    value=""RealTime/TickByTick"
                                    value=""Timeliness: 100/Rate: 100"
                                OmmArrayEnd
                            ElementEntryEnd
                            ElementEntry name="SupportsQoSRange" dataType="UInt" value="0"
                            ElementEntry name="ItemList" dataType="Ascii" value="#.itemlist"
                            ElementEntry name="SupportsOutOfBandSnapshots" dataType="UInt" value="0"
                            ElementEntry name="AcceptingConsumerStatus" dataType="UInt" value="0"
                        ElementListEnd
                    FilterEntryEnd
                    FilterEntry action="Set" filterId="2 dataType="ElementList"
                        ElementList
                            ElementEntry name="ServiceState" dataType="UInt" value="1"
                            ElementEntry name="AcceptingRequests" dataType="UInt" value="1"
                        ElementListEnd
                    FilterEntryEnd
                FilterListEnd
            MapEntryEnd
        MapEnd
    PayloadEnd
RefreshMsgEnd

16:20:19.342 [pool-3-thread-1] INFO  com.refinitiv.ema.consumer.AppClient - 

16:20:20.257 [pool-3-thread-1] INFO  com.refinitiv.ema.consumer.AppClient - Consumer_App.AppClient: Receives Market Price Refresh message
16:20:20.258 [pool-3-thread-1] INFO  com.refinitiv.ema.consumer.AppClient - Item Name: /EUR=
16:20:20.258 [pool-3-thread-1] INFO  com.refinitiv.ema.consumer.AppClient - Service Name: ELEKTRON_DD
16:20:20.259 [pool-3-thread-1] INFO  com.refinitiv.ema.consumer.AppClient - Item State: Open / Ok / None / 'Refresh Completed'
16:20:20.260 [pool-3-thread-1] INFO  com.refinitiv.ema.consumer.AppClient - RefreshMsg
    streamId="6"
    domain="MarketPrice Domain"
    solicited
    RefreshComplete
    state="Open / Ok / None / 'Refresh Completed'"
    itemGroup="00 00"
    name="/EUR="
    serviceId="1"
    serviceName="ELEKTRON_DD"
    Payload dataType="FieldList"
        FieldList
            FieldEntry fid="3" name="DSPLY_NAME" dataType="Rmtes" value="/EUR="
            FieldEntry fid="15" name="CURRENCY" dataType="Enum" value="840"
            FieldEntry fid="21" name="HST_CLOSE" dataType="Real" value="39.0"
            FieldEntry fid="22" name="BID" dataType="Real" value="39.9"
            FieldEntry fid="25" name="ASK" dataType="Real" value="39.94"
            FieldEntry fid="30" name="BIDSIZE" dataType="Real" value="9.0"
            FieldEntry fid="31" name="ASKSIZE" dataType="Real" value="19.0"
        FieldListEnd
    PayloadEnd
RefreshMsgEnd

16:20:20.271 [pool-3-thread-1] INFO  com.refinitiv.ema.consumer.AppClient - 

16:20:21.259 [pool-3-thread-1] INFO  com.refinitiv.ema.consumer.AppClient - Consumer_App.AppClient: Receives Market Price Update message
16:20:21.259 [pool-3-thread-1] INFO  com.refinitiv.ema.consumer.AppClient - Item Name: /EUR=
16:20:21.260 [pool-3-thread-1] INFO  com.refinitiv.ema.consumer.AppClient - Service Name: ELEKTRON_DD
16:20:21.261 [pool-3-thread-1] INFO  com.refinitiv.ema.consumer.AppClient - UpdateMsg
    streamId="6"
    domain="MarketPrice Domain"
    updateTypeNum="0"
    name="/EUR="
    serviceId="1"
    serviceName="ELEKTRON_DD"
    Payload dataType="FieldList"
        FieldList
            FieldEntry fid="22" name="BID" dataType="Real" value="39.91"
            FieldEntry fid="25" name="ASK" dataType="Real" value="39.94"
            FieldEntry fid="30" name="BIDSIZE" dataType="Real" value="10.0"
            FieldEntry fid="31" name="ASKSIZE" dataType="Real" value="19.0"
        FieldListEnd
    PayloadEnd
UpdateMsgEnd

16:20:21.272 [pool-3-thread-1] INFO  com.refinitiv.ema.consumer.AppClient - 

16:20:22.263 [pool-3-thread-1] INFO  com.refinitiv.ema.consumer.AppClient - Consumer_App.AppClient: Receives Market Price Update message
16:20:22.263 [pool-3-thread-1] INFO  com.refinitiv.ema.consumer.AppClient - Item Name: /EUR=
16:20:22.264 [pool-3-thread-1] INFO  com.refinitiv.ema.consumer.AppClient - Service Name: ELEKTRON_DD
16:20:22.264 [pool-3-thread-1] INFO  com.refinitiv.ema.consumer.AppClient - UpdateMsg
    streamId="6"
    domain="MarketPrice Domain"
    updateTypeNum="0"
    name="/EUR="
    serviceId="1"
    serviceName="ELEKTRON_DD"
    Payload dataType="FieldList"
        FieldList
            FieldEntry fid="22" name="BID" dataType="Real" value="39.92"
            FieldEntry fid="25" name="ASK" dataType="Real" value="39.95"
            FieldEntry fid="30" name="BIDSIZE" dataType="Real" value="11.0"
            FieldEntry fid="31" name="ASKSIZE" dataType="Real" value="20.0"
        FieldListEnd
    PayloadEnd
UpdateMsgEnd

16:20:22.276 [pool-3-thread-1] INFO  com.refinitiv.ema.consumer.AppClient - 

16:20:23.266 [pool-3-thread-1] INFO  com.refinitiv.ema.consumer.AppClient - Consumer_App.AppClient: Receives Market Price Update message
16:20:23.266 [pool-3-thread-1] INFO  com.refinitiv.ema.consumer.AppClient - Item Name: /EUR=
16:20:23.267 [pool-3-thread-1] INFO  com.refinitiv.ema.consumer.AppClient - Service Name: ELEKTRON_DD
16:20:23.267 [pool-3-thread-1] INFO  com.refinitiv.ema.consumer.AppClient - UpdateMsg
    streamId="6"
    domain="MarketPrice Domain"
    updateTypeNum="0"
    name="/EUR="
    serviceId="1"
    serviceName="ELEKTRON_DD"
    Payload dataType="FieldList"
        FieldList
            FieldEntry fid="22" name="BID" dataType="Real" value="39.93"
            FieldEntry fid="25" name="ASK" dataType="Real" value="39.96"
            FieldEntry fid="30" name="BIDSIZE" dataType="Real" value="12.0"
            FieldEntry fid="31" name="ASKSIZE" dataType="Real" value="21.0"
        FieldListEnd
    PayloadEnd
UpdateMsgEnd

16:20:23.286 [pool-3-thread-1] INFO  com.refinitiv.ema.consumer.AppClient - 

16:20:24.269 [pool-3-thread-1] INFO  com.refinitiv.ema.consumer.AppClient - Consumer_App.AppClient: Receives Market Price Update message
16:20:24.269 [pool-3-thread-1] INFO  com.refinitiv.ema.consumer.AppClient - Item Name: /EUR=
16:20:24.270 [pool-3-thread-1] INFO  com.refinitiv.ema.consumer.AppClient - Service Name: ELEKTRON_DD
16:20:24.271 [pool-3-thread-1] INFO  com.refinitiv.ema.consumer.AppClient - UpdateMsg
    streamId="6"
    domain="MarketPrice Domain"
    updateTypeNum="0"
    name="/EUR="
    serviceId="1"
    serviceName="ELEKTRON_DD"
    Payload dataType="FieldList"
        FieldList
            FieldEntry fid="22" name="BID" dataType="Real" value="39.94"
            FieldEntry fid="25" name="ASK" dataType="Real" value="39.97"
            FieldEntry fid="30" name="BIDSIZE" dataType="Real" value="13.0"
            FieldEntry fid="31" name="ASKSIZE" dataType="Real" value="22.0"
        FieldListEnd
    PayloadEnd
UpdateMsgEnd

16:20:24.288 [pool-3-thread-1] INFO  com.refinitiv.ema.consumer.AppClient - 

16:20:25.272 [pool-3-thread-1] INFO  com.refinitiv.ema.consumer.AppClient - Consumer_App.AppClient: Receives Market Price Update message
16:20:25.273 [pool-3-thread-1] INFO  com.refinitiv.ema.consumer.AppClient - Item Name: /EUR=
16:20:25.273 [pool-3-thread-1] INFO  com.refinitiv.ema.consumer.AppClient - Service Name: ELEKTRON_DD
16:20:25.274 [pool-3-thread-1] INFO  com.refinitiv.ema.consumer.AppClient - UpdateMsg
    streamId="6"
    domain="MarketPrice Domain"
    updateTypeNum="0"
    name="/EUR="
    serviceId="1"
    serviceName="ELEKTRON_DD"
    Payload dataType="FieldList"
        FieldList
            FieldEntry fid="22" name="BID" dataType="Real" value="39.95"
            FieldEntry fid="25" name="ASK" dataType="Real" value="39.98"
            FieldEntry fid="30" name="BIDSIZE" dataType="Real" value="14.0"
            FieldEntry fid="31" name="ASKSIZE" dataType="Real" value="23.0"
        FieldListEnd
    PayloadEnd
UpdateMsgEnd

16:20:25.280 [pool-3-thread-1] INFO  com.refinitiv.ema.consumer.AppClient - 

16:20:26.274 [pool-3-thread-1] INFO  com.refinitiv.ema.consumer.AppClient - Consumer_App.AppClient: Receives Market Price Update message
16:20:26.275 [pool-3-thread-1] INFO  com.refinitiv.ema.consumer.AppClient - Item Name: /EUR=
16:20:26.276 [pool-3-thread-1] INFO  com.refinitiv.ema.consumer.AppClient - Service Name: ELEKTRON_DD
16:20:26.277 [pool-3-thread-1] INFO  com.refinitiv.ema.consumer.AppClient - UpdateMsg
    streamId="6"
    domain="MarketPrice Domain"
    updateTypeNum="0"
    name="/EUR="
    serviceId="1"
    serviceName="ELEKTRON_DD"
    Payload dataType="FieldList"
        FieldList
            FieldEntry fid="22" name="BID" dataType="Real" value="39.96"
            FieldEntry fid="25" name="ASK" dataType="Real" value="39.99"
            FieldEntry fid="30" name="BIDSIZE" dataType="Real" value="15.0"
            FieldEntry fid="31" name="ASKSIZE" dataType="Real" value="24.0"
        FieldListEnd
    PayloadEnd
UpdateMsgEnd

16:20:26.288 [pool-3-thread-1] INFO  com.refinitiv.ema.consumer.AppClient - 

16:20:27.277 [pool-3-thread-1] INFO  com.refinitiv.ema.consumer.AppClient - Consumer_App.AppClient: Receives Market Price Update message
16:20:27.277 [pool-3-thread-1] INFO  com.refinitiv.ema.consumer.AppClient - Item Name: /EUR=
16:20:27.278 [pool-3-thread-1] INFO  com.refinitiv.ema.consumer.AppClient - Service Name: ELEKTRON_DD
16:20:27.279 [pool-3-thread-1] INFO  com.refinitiv.ema.consumer.AppClient - UpdateMsg
    streamId="6"
    domain="MarketPrice Domain"
    updateTypeNum="0"
    name="/EUR="
    serviceId="1"
    serviceName="ELEKTRON_DD"
    Payload dataType="FieldList"
        FieldList
            FieldEntry fid="22" name="BID" dataType="Real" value="39.97"
            FieldEntry fid="25" name="ASK" dataType="Real" value="40.0"
            FieldEntry fid="30" name="BIDSIZE" dataType="Real" value="16.0"
            FieldEntry fid="31" name="ASKSIZE" dataType="Real" value="25.0"
        FieldListEnd
    PayloadEnd
UpdateMsgEnd

16:20:27.293 [pool-3-thread-1] INFO  com.refinitiv.ema.consumer.AppClient - 

16:20:28.280 [pool-3-thread-1] INFO  com.refinitiv.ema.consumer.AppClient - Consumer_App.AppClient: Receives Market Price Update message
16:20:28.280 [pool-3-thread-1] INFO  com.refinitiv.ema.consumer.AppClient - Item Name: /EUR=
16:20:28.281 [pool-3-thread-1] INFO  com.refinitiv.ema.consumer.AppClient - Service Name: ELEKTRON_DD
16:20:28.282 [pool-3-thread-1] INFO  com.refinitiv.ema.consumer.AppClient - UpdateMsg
    streamId="6"
    domain="MarketPrice Domain"
    updateTypeNum="0"
    name="/EUR="
    serviceId="1"
    serviceName="ELEKTRON_DD"
    Payload dataType="FieldList"
        FieldList
            FieldEntry fid="22" name="BID" dataType="Real" value="39.98"
            FieldEntry fid="25" name="ASK" dataType="Real" value="40.01"
            FieldEntry fid="30" name="BIDSIZE" dataType="Real" value="17.0"
            FieldEntry fid="31" name="ASKSIZE" dataType="Real" value="26.0"
        FieldListEnd
    PayloadEnd
UpdateMsgEnd

16:20:28.294 [pool-3-thread-1] INFO  com.refinitiv.ema.consumer.AppClient - 

16:20:29.898 [pool-3-thread-1] INFO  com.refinitiv.ema.consumer.AppClient - Consumer_App.AppClient: Receives Market Price Update message
16:20:29.899 [pool-3-thread-1] INFO  com.refinitiv.ema.consumer.AppClient - Item Name: /EUR=
16:20:29.899 [pool-3-thread-1] INFO  com.refinitiv.ema.consumer.AppClient - Service Name: ELEKTRON_DD
16:20:29.899 [pool-3-thread-1] INFO  com.refinitiv.ema.consumer.AppClient - UpdateMsg
    streamId="6"
    domain="MarketPrice Domain"
    updateTypeNum="0"
    name="/EUR="
    serviceId="1"
    serviceName="ELEKTRON_DD"
    Payload dataType="FieldList"
        FieldList
            FieldEntry fid="22" name="BID" dataType="Real" value="39.99"
            FieldEntry fid="25" name="ASK" dataType="Real" value="40.02"
            FieldEntry fid="30" name="BIDSIZE" dataType="Real" value="18.0"
            FieldEntry fid="31" name="ASKSIZE" dataType="Real" value="27.0"
        FieldListEnd
    PayloadEnd
UpdateMsgEnd

16:20:29.907 [pool-3-thread-1] INFO  com.refinitiv.ema.consumer.AppClient - 

16:20:30.902 [pool-3-thread-1] INFO  com.refinitiv.ema.consumer.AppClient - Consumer_App.AppClient: Receives Market Price Update message
16:20:30.903 [pool-3-thread-1] INFO  com.refinitiv.ema.consumer.AppClient - Item Name: /EUR=
16:20:30.903 [pool-3-thread-1] INFO  com.refinitiv.ema.consumer.AppClient - Service Name: ELEKTRON_DD
16:20:30.904 [pool-3-thread-1] INFO  com.refinitiv.ema.consumer.AppClient - UpdateMsg
    streamId="6"
    domain="MarketPrice Domain"
    updateTypeNum="0"
    name="/EUR="
    serviceId="1"
    serviceName="ELEKTRON_DD"
    Payload dataType="FieldList"
        FieldList
            FieldEntry fid="22" name="BID" dataType="Real" value="40.0"
            FieldEntry fid="25" name="ASK" dataType="Real" value="40.03"
            FieldEntry fid="30" name="BIDSIZE" dataType="Real" value="19.0"
            FieldEntry fid="31" name="ASKSIZE" dataType="Real" value="28.0"
        FieldListEnd
    PayloadEnd
UpdateMsgEnd

16:20:30.921 [pool-3-thread-1] INFO  com.refinitiv.ema.consumer.AppClient - 

16:20:31.905 [pool-3-thread-1] INFO  com.refinitiv.ema.consumer.AppClient - Consumer_App.AppClient: Receives Market Price Update message
16:20:31.905 [pool-3-thread-1] INFO  com.refinitiv.ema.consumer.AppClient - Item Name: /EUR=
16:20:31.906 [pool-3-thread-1] INFO  com.refinitiv.ema.consumer.AppClient - Service Name: ELEKTRON_DD
16:20:31.906 [pool-3-thread-1] INFO  com.refinitiv.ema.consumer.AppClient - UpdateMsg
    streamId="6"
    domain="MarketPrice Domain"
    updateTypeNum="0"
    name="/EUR="
    serviceId="1"
    serviceName="ELEKTRON_DD"
    Payload dataType="FieldList"
        FieldList
            FieldEntry fid="22" name="BID" dataType="Real" value="40.01"
            FieldEntry fid="25" name="ASK" dataType="Real" value="40.04"
            FieldEntry fid="30" name="BIDSIZE" dataType="Real" value="20.0"
            FieldEntry fid="31" name="ASKSIZE" dataType="Real" value="29.0"
        FieldListEnd
    PayloadEnd
UpdateMsgEnd

16:20:31.917 [pool-3-thread-1] INFO  com.refinitiv.ema.consumer.AppClient - 

16:20:32.907 [pool-3-thread-1] INFO  com.refinitiv.ema.consumer.AppClient - Consumer_App.AppClient: Receives Market Price Update message
16:20:32.907 [pool-3-thread-1] INFO  com.refinitiv.ema.consumer.AppClient - Item Name: /EUR=
16:20:32.908 [pool-3-thread-1] INFO  com.refinitiv.ema.consumer.AppClient - Service Name: ELEKTRON_DD
16:20:32.909 [pool-3-thread-1] INFO  com.refinitiv.ema.consumer.AppClient - UpdateMsg
    streamId="6"
    domain="MarketPrice Domain"
    updateTypeNum="0"
    name="/EUR="
    serviceId="1"
    serviceName="ELEKTRON_DD"
    Payload dataType="FieldList"
        FieldList
            FieldEntry fid="22" name="BID" dataType="Real" value="40.02"
            FieldEntry fid="25" name="ASK" dataType="Real" value="40.05"
            FieldEntry fid="30" name="BIDSIZE" dataType="Real" value="21.0"
            FieldEntry fid="31" name="ASKSIZE" dataType="Real" value="30.0"
        FieldListEnd
    PayloadEnd
UpdateMsgEnd

16:20:32.920 [pool-3-thread-1] INFO  com.refinitiv.ema.consumer.AppClient - 

16:20:33.909 [pool-3-thread-1] INFO  com.refinitiv.ema.consumer.AppClient - Consumer_App.AppClient: Receives Market Price Update message
16:20:33.910 [pool-3-thread-1] INFO  com.refinitiv.ema.consumer.AppClient - Item Name: /EUR=
16:20:33.911 [pool-3-thread-1] INFO  com.refinitiv.ema.consumer.AppClient - Service Name: ELEKTRON_DD
16:20:33.920 [pool-3-thread-1] INFO  com.refinitiv.ema.consumer.AppClient - UpdateMsg
    streamId="6"
    domain="MarketPrice Domain"
    updateTypeNum="0"
    name="/EUR="
    serviceId="1"
    serviceName="ELEKTRON_DD"
    Payload dataType="FieldList"
        FieldList
            FieldEntry fid="22" name="BID" dataType="Real" value="40.03"
            FieldEntry fid="25" name="ASK" dataType="Real" value="40.06"
            FieldEntry fid="30" name="BIDSIZE" dataType="Real" value="22.0"
            FieldEntry fid="31" name="ASKSIZE" dataType="Real" value="31.0"
        FieldListEnd
    PayloadEnd
UpdateMsgEnd

16:20:33.925 [pool-3-thread-1] INFO  com.refinitiv.ema.consumer.AppClient - 

16:20:34.913 [pool-3-thread-1] INFO  com.refinitiv.ema.consumer.AppClient - Consumer_App.AppClient: Receives Market Price Update message
16:20:34.913 [pool-3-thread-1] INFO  com.refinitiv.ema.consumer.AppClient - Item Name: /EUR=
16:20:34.914 [pool-3-thread-1] INFO  com.refinitiv.ema.consumer.AppClient - Service Name: ELEKTRON_DD
16:20:34.915 [pool-3-thread-1] INFO  com.refinitiv.ema.consumer.AppClient - UpdateMsg
    streamId="6"
    domain="MarketPrice Domain"
    updateTypeNum="0"
    name="/EUR="
    serviceId="1"
    serviceName="ELEKTRON_DD"
    Payload dataType="FieldList"
        FieldList
            FieldEntry fid="22" name="BID" dataType="Real" value="40.04"
            FieldEntry fid="25" name="ASK" dataType="Real" value="40.07"
            FieldEntry fid="30" name="BIDSIZE" dataType="Real" value="23.0"
            FieldEntry fid="31" name="ASKSIZE" dataType="Real" value="32.0"
        FieldListEnd
    PayloadEnd
UpdateMsgEnd

16:20:34.928 [pool-3-thread-1] INFO  com.refinitiv.ema.consumer.AppClient - 

16:20:35.916 [pool-3-thread-1] INFO  com.refinitiv.ema.consumer.AppClient - Consumer_App.AppClient: Receives Market Price Update message
16:20:35.918 [pool-3-thread-1] INFO  com.refinitiv.ema.consumer.AppClient - Item Name: /EUR=
16:20:35.918 [pool-3-thread-1] INFO  com.refinitiv.ema.consumer.AppClient - Service Name: ELEKTRON_DD
16:20:35.919 [pool-3-thread-1] INFO  com.refinitiv.ema.consumer.AppClient - UpdateMsg
    streamId="6"
    domain="MarketPrice Domain"
    updateTypeNum="0"
    name="/EUR="
    serviceId="1"
    serviceName="ELEKTRON_DD"
    Payload dataType="FieldList"
        FieldList
            FieldEntry fid="22" name="BID" dataType="Real" value="40.05"
            FieldEntry fid="25" name="ASK" dataType="Real" value="40.08"
            FieldEntry fid="30" name="BIDSIZE" dataType="Real" value="24.0"
            FieldEntry fid="31" name="ASKSIZE" dataType="Real" value="33.0"
        FieldListEnd
    PayloadEnd
UpdateMsgEnd

16:20:35.935 [pool-3-thread-1] INFO  com.refinitiv.ema.consumer.AppClient - 

16:20:36.919 [pool-3-thread-1] INFO  com.refinitiv.ema.consumer.AppClient - Consumer_App.AppClient: Receives Market Price Update message
16:20:36.920 [pool-3-thread-1] INFO  com.refinitiv.ema.consumer.AppClient - Item Name: /EUR=
16:20:36.921 [pool-3-thread-1] INFO  com.refinitiv.ema.consumer.AppClient - Service Name: ELEKTRON_DD
16:20:36.922 [pool-3-thread-1] INFO  com.refinitiv.ema.consumer.AppClient - UpdateMsg
    streamId="6"
    domain="MarketPrice Domain"
    updateTypeNum="0"
    name="/EUR="
    serviceId="1"
    serviceName="ELEKTRON_DD"
    Payload dataType="FieldList"
        FieldList
            FieldEntry fid="22" name="BID" dataType="Real" value="40.06"
            FieldEntry fid="25" name="ASK" dataType="Real" value="40.09"
            FieldEntry fid="30" name="BIDSIZE" dataType="Real" value="25.0"
            FieldEntry fid="31" name="ASKSIZE" dataType="Real" value="34.0"
        FieldListEnd
    PayloadEnd
UpdateMsgEnd

16:20:36.934 [pool-3-thread-1] INFO  com.refinitiv.ema.consumer.AppClient - 

16:20:37.922 [pool-3-thread-1] INFO  com.refinitiv.ema.consumer.AppClient - Consumer_App.AppClient: Receives Market Price Update message
16:20:37.922 [pool-3-thread-1] INFO  com.refinitiv.ema.consumer.AppClient - Item Name: /EUR=
16:20:37.923 [pool-3-thread-1] INFO  com.refinitiv.ema.consumer.AppClient - Service Name: ELEKTRON_DD
16:20:37.923 [pool-3-thread-1] INFO  com.refinitiv.ema.consumer.AppClient - UpdateMsg
    streamId="6"
    domain="MarketPrice Domain"
    updateTypeNum="0"
    name="/EUR="
    serviceId="1"
    serviceName="ELEKTRON_DD"
    Payload dataType="FieldList"
        FieldList
            FieldEntry fid="22" name="BID" dataType="Real" value="40.07"
            FieldEntry fid="25" name="ASK" dataType="Real" value="40.1"
            FieldEntry fid="30" name="BIDSIZE" dataType="Real" value="26.0"
            FieldEntry fid="31" name="ASKSIZE" dataType="Real" value="35.0"
        FieldListEnd
    PayloadEnd
UpdateMsgEnd

16:20:37.936 [pool-3-thread-1] INFO  com.refinitiv.ema.consumer.AppClient - 

16:20:38.925 [pool-3-thread-1] INFO  com.refinitiv.ema.consumer.AppClient - Consumer_App.AppClient: Receives Market Price Update message
16:20:38.925 [pool-3-thread-1] INFO  com.refinitiv.ema.consumer.AppClient - Item Name: /EUR=
16:20:38.926 [pool-3-thread-1] INFO  com.refinitiv.ema.consumer.AppClient - Service Name: ELEKTRON_DD
16:20:38.926 [pool-3-thread-1] INFO  com.refinitiv.ema.consumer.AppClient - UpdateMsg
    streamId="6"
    domain="MarketPrice Domain"
    updateTypeNum="0"
    name="/EUR="
    serviceId="1"
    serviceName="ELEKTRON_DD"
    Payload dataType="FieldList"
        FieldList
            FieldEntry fid="22" name="BID" dataType="Real" value="40.08"
            FieldEntry fid="25" name="ASK" dataType="Real" value="40.11"
            FieldEntry fid="30" name="BIDSIZE" dataType="Real" value="27.0"
            FieldEntry fid="31" name="ASKSIZE" dataType="Real" value="36.0"
        FieldListEnd
    PayloadEnd
UpdateMsgEnd

16:20:38.942 [pool-3-thread-1] INFO  com.refinitiv.ema.consumer.AppClient - 

16:20:39.926 [pool-3-thread-1] INFO  com.refinitiv.ema.consumer.AppClient - Consumer_App.AppClient: Receives Market Price Update message
16:20:39.927 [pool-3-thread-1] INFO  com.refinitiv.ema.consumer.AppClient - Item Name: /EUR=
16:20:39.928 [pool-3-thread-1] INFO  com.refinitiv.ema.consumer.AppClient - Service Name: ELEKTRON_DD
16:20:39.928 [pool-3-thread-1] INFO  com.refinitiv.ema.consumer.AppClient - UpdateMsg
    streamId="6"
    domain="MarketPrice Domain"
    updateTypeNum="0"
    name="/EUR="
    serviceId="1"
    serviceName="ELEKTRON_DD"
    Payload dataType="FieldList"
        FieldList
            FieldEntry fid="22" name="BID" dataType="Real" value="40.09"
            FieldEntry fid="25" name="ASK" dataType="Real" value="40.12"
            FieldEntry fid="30" name="BIDSIZE" dataType="Real" value="28.0"
            FieldEntry fid="31" name="ASKSIZE" dataType="Real" value="37.0"
        FieldListEnd
    PayloadEnd
UpdateMsgEnd

16:20:39.939 [pool-3-thread-1] INFO  com.refinitiv.ema.consumer.AppClient - 

16:20:40.930 [pool-3-thread-1] INFO  com.refinitiv.ema.consumer.AppClient - Consumer_App.AppClient: Receives Market Price Update message
16:20:40.930 [pool-3-thread-1] INFO  com.refinitiv.ema.consumer.AppClient - Item Name: /EUR=
16:20:40.931 [pool-3-thread-1] INFO  com.refinitiv.ema.consumer.AppClient - Service Name: ELEKTRON_DD
16:20:40.931 [pool-3-thread-1] INFO  com.refinitiv.ema.consumer.AppClient - UpdateMsg
    streamId="6"
    domain="MarketPrice Domain"
    updateTypeNum="0"
    name="/EUR="
    serviceId="1"
    serviceName="ELEKTRON_DD"
    Payload dataType="FieldList"
        FieldList
            FieldEntry fid="22" name="BID" dataType="Real" value="40.1"
            FieldEntry fid="25" name="ASK" dataType="Real" value="40.13"
            FieldEntry fid="30" name="BIDSIZE" dataType="Real" value="29.0"
            FieldEntry fid="31" name="ASKSIZE" dataType="Real" value="38.0"
        FieldListEnd
    PayloadEnd
UpdateMsgEnd

16:20:40.949 [pool-3-thread-1] INFO  com.refinitiv.ema.consumer.AppClient - 

16:20:41.932 [pool-3-thread-1] INFO  com.refinitiv.ema.consumer.AppClient - Consumer_App.AppClient: Receives Market Price Update message
16:20:41.932 [pool-3-thread-1] INFO  com.refinitiv.ema.consumer.AppClient - Item Name: /EUR=
16:20:41.933 [pool-3-thread-1] INFO  com.refinitiv.ema.consumer.AppClient - Service Name: ELEKTRON_DD
16:20:41.934 [pool-3-thread-1] INFO  com.refinitiv.ema.consumer.AppClient - UpdateMsg
    streamId="6"
    domain="MarketPrice Domain"
    updateTypeNum="0"
    name="/EUR="
    serviceId="1"
    serviceName="ELEKTRON_DD"
    Payload dataType="FieldList"
        FieldList
            FieldEntry fid="22" name="BID" dataType="Real" value="40.11"
            FieldEntry fid="25" name="ASK" dataType="Real" value="40.14"
            FieldEntry fid="30" name="BIDSIZE" dataType="Real" value="30.0"
            FieldEntry fid="31" name="ASKSIZE" dataType="Real" value="39.0"
        FieldListEnd
    PayloadEnd
UpdateMsgEnd

16:20:41.947 [pool-3-thread-1] INFO  com.refinitiv.ema.consumer.AppClient - 

16:20:42.936 [pool-3-thread-1] INFO  com.refinitiv.ema.consumer.AppClient - Consumer_App.AppClient: Receives Market Price Update message
16:20:42.938 [pool-3-thread-1] INFO  com.refinitiv.ema.consumer.AppClient - Item Name: /EUR=
16:20:42.939 [pool-3-thread-1] INFO  com.refinitiv.ema.consumer.AppClient - Service Name: ELEKTRON_DD
16:20:42.948 [pool-3-thread-1] INFO  com.refinitiv.ema.consumer.AppClient - UpdateMsg
    streamId="6"
    domain="MarketPrice Domain"
    updateTypeNum="0"
    name="/EUR="
    serviceId="1"
    serviceName="ELEKTRON_DD"
    Payload dataType="FieldList"
        FieldList
            FieldEntry fid="22" name="BID" dataType="Real" value="40.12"
            FieldEntry fid="25" name="ASK" dataType="Real" value="40.15"
            FieldEntry fid="30" name="BIDSIZE" dataType="Real" value="31.0"
            FieldEntry fid="31" name="ASKSIZE" dataType="Real" value="40.0"
        FieldListEnd
    PayloadEnd
UpdateMsgEnd

16:20:42.954 [pool-3-thread-1] INFO  com.refinitiv.ema.consumer.AppClient - 

16:20:43.938 [pool-3-thread-1] INFO  com.refinitiv.ema.consumer.AppClient - Consumer_App.AppClient: Receives Market Price Update message
16:20:43.938 [pool-3-thread-1] INFO  com.refinitiv.ema.consumer.AppClient - Item Name: /EUR=
16:20:43.939 [pool-3-thread-1] INFO  com.refinitiv.ema.consumer.AppClient - Service Name: ELEKTRON_DD
16:20:43.940 [pool-3-thread-1] INFO  com.refinitiv.ema.consumer.AppClient - UpdateMsg
    streamId="6"
    domain="MarketPrice Domain"
    updateTypeNum="0"
    name="/EUR="
    serviceId="1"
    serviceName="ELEKTRON_DD"
    Payload dataType="FieldList"
        FieldList
            FieldEntry fid="22" name="BID" dataType="Real" value="40.13"
            FieldEntry fid="25" name="ASK" dataType="Real" value="40.16"
            FieldEntry fid="30" name="BIDSIZE" dataType="Real" value="32.0"
            FieldEntry fid="31" name="ASKSIZE" dataType="Real" value="41.0"
        FieldListEnd
    PayloadEnd
UpdateMsgEnd

16:20:43.954 [pool-3-thread-1] INFO  com.refinitiv.ema.consumer.AppClient - 

16:20:44.941 [pool-3-thread-1] INFO  com.refinitiv.ema.consumer.AppClient - Consumer_App.AppClient: Receives Market Price Update message
16:20:44.941 [pool-3-thread-1] INFO  com.refinitiv.ema.consumer.AppClient - Item Name: /EUR=
16:20:44.942 [pool-3-thread-1] INFO  com.refinitiv.ema.consumer.AppClient - Service Name: ELEKTRON_DD
16:20:44.942 [pool-3-thread-1] INFO  com.refinitiv.ema.consumer.AppClient - UpdateMsg
    streamId="6"
    domain="MarketPrice Domain"
    updateTypeNum="0"
    name="/EUR="
    serviceId="1"
    serviceName="ELEKTRON_DD"
    Payload dataType="FieldList"
        FieldList
            FieldEntry fid="22" name="BID" dataType="Real" value="40.14"
            FieldEntry fid="25" name="ASK" dataType="Real" value="40.17"
            FieldEntry fid="30" name="BIDSIZE" dataType="Real" value="33.0"
            FieldEntry fid="31" name="ASKSIZE" dataType="Real" value="42.0"
        FieldListEnd
    PayloadEnd
UpdateMsgEnd

16:20:44.955 [pool-3-thread-1] INFO  com.refinitiv.ema.consumer.AppClient - 

16:20:45.943 [pool-3-thread-1] INFO  com.refinitiv.ema.consumer.AppClient - Consumer_App.AppClient: Receives Market Price Update message
16:20:45.944 [pool-3-thread-1] INFO  com.refinitiv.ema.consumer.AppClient - Item Name: /EUR=
16:20:45.945 [pool-3-thread-1] INFO  com.refinitiv.ema.consumer.AppClient - Service Name: ELEKTRON_DD
16:20:45.946 [pool-3-thread-1] INFO  com.refinitiv.ema.consumer.AppClient - UpdateMsg
    streamId="6"
    domain="MarketPrice Domain"
    updateTypeNum="0"
    name="/EUR="
    serviceId="1"
    serviceName="ELEKTRON_DD"
    Payload dataType="FieldList"
        FieldList
            FieldEntry fid="22" name="BID" dataType="Real" value="40.15"
            FieldEntry fid="25" name="ASK" dataType="Real" value="40.18"
            FieldEntry fid="30" name="BIDSIZE" dataType="Real" value="34.0"
            FieldEntry fid="31" name="ASKSIZE" dataType="Real" value="43.0"
        FieldListEnd
    PayloadEnd
UpdateMsgEnd

16:20:45.963 [pool-3-thread-1] INFO  com.refinitiv.ema.consumer.AppClient - 

16:20:46.946 [pool-3-thread-1] INFO  com.refinitiv.ema.consumer.AppClient - Consumer_App.AppClient: Receives Market Price Update message
16:20:46.946 [pool-3-thread-1] INFO  com.refinitiv.ema.consumer.AppClient - Item Name: /EUR=
16:20:46.947 [pool-3-thread-1] INFO  com.refinitiv.ema.consumer.AppClient - Service Name: ELEKTRON_DD
16:20:46.948 [pool-3-thread-1] INFO  com.refinitiv.ema.consumer.AppClient - UpdateMsg
    streamId="6"
    domain="MarketPrice Domain"
    updateTypeNum="0"
    name="/EUR="
    serviceId="1"
    serviceName="ELEKTRON_DD"
    Payload dataType="FieldList"
        FieldList
            FieldEntry fid="22" name="BID" dataType="Real" value="40.16"
            FieldEntry fid="25" name="ASK" dataType="Real" value="40.19"
            FieldEntry fid="30" name="BIDSIZE" dataType="Real" value="35.0"
            FieldEntry fid="31" name="ASKSIZE" dataType="Real" value="44.0"
        FieldListEnd
    PayloadEnd
UpdateMsgEnd

16:20:46.965 [pool-3-thread-1] INFO  com.refinitiv.ema.consumer.AppClient - 

16:20:47.948 [pool-3-thread-1] INFO  com.refinitiv.ema.consumer.AppClient - Consumer_App.AppClient: Receives Market Price Update message
16:20:47.949 [pool-3-thread-1] INFO  com.refinitiv.ema.consumer.AppClient - Item Name: /EUR=
16:20:47.949 [pool-3-thread-1] INFO  com.refinitiv.ema.consumer.AppClient - Service Name: ELEKTRON_DD
16:20:47.951 [pool-3-thread-1] INFO  com.refinitiv.ema.consumer.AppClient - UpdateMsg
    streamId="6"
    domain="MarketPrice Domain"
    updateTypeNum="0"
    name="/EUR="
    serviceId="1"
    serviceName="ELEKTRON_DD"
    Payload dataType="FieldList"
        FieldList
            FieldEntry fid="22" name="BID" dataType="Real" value="40.17"
            FieldEntry fid="25" name="ASK" dataType="Real" value="40.2"
            FieldEntry fid="30" name="BIDSIZE" dataType="Real" value="36.0"
            FieldEntry fid="31" name="ASKSIZE" dataType="Real" value="45.0"
        FieldListEnd
    PayloadEnd
UpdateMsgEnd

16:20:47.965 [pool-3-thread-1] INFO  com.refinitiv.ema.consumer.AppClient - 

16:20:48.951 [pool-3-thread-1] INFO  com.refinitiv.ema.consumer.AppClient - Consumer_App.AppClient: Receives Market Price Update message
16:20:48.951 [pool-3-thread-1] INFO  com.refinitiv.ema.consumer.AppClient - Item Name: /EUR=
16:20:48.952 [pool-3-thread-1] INFO  com.refinitiv.ema.consumer.AppClient - Service Name: ELEKTRON_DD
16:20:48.952 [pool-3-thread-1] INFO  com.refinitiv.ema.consumer.AppClient - UpdateMsg
    streamId="6"
    domain="MarketPrice Domain"
    updateTypeNum="0"
    name="/EUR="
    serviceId="1"
    serviceName="ELEKTRON_DD"
    Payload dataType="FieldList"
        FieldList
            FieldEntry fid="22" name="BID" dataType="Real" value="40.18"
            FieldEntry fid="25" name="ASK" dataType="Real" value="40.21"
            FieldEntry fid="30" name="BIDSIZE" dataType="Real" value="37.0"
            FieldEntry fid="31" name="ASKSIZE" dataType="Real" value="46.0"
        FieldListEnd
    PayloadEnd
UpdateMsgEnd

16:20:48.965 [pool-3-thread-1] INFO  com.refinitiv.ema.consumer.AppClient - 

16:20:49.953 [pool-3-thread-1] INFO  com.refinitiv.ema.consumer.AppClient - Consumer_App.AppClient: Receives Market Price Update message
16:20:49.954 [pool-3-thread-1] INFO  com.refinitiv.ema.consumer.AppClient - Item Name: /EUR=
16:20:49.954 [pool-3-thread-1] INFO  com.refinitiv.ema.consumer.AppClient - Service Name: ELEKTRON_DD
16:20:49.956 [pool-3-thread-1] INFO  com.refinitiv.ema.consumer.AppClient - UpdateMsg
    streamId="6"
    domain="MarketPrice Domain"
    updateTypeNum="0"
    name="/EUR="
    serviceId="1"
    serviceName="ELEKTRON_DD"
    Payload dataType="FieldList"
        FieldList
            FieldEntry fid="22" name="BID" dataType="Real" value="40.19"
            FieldEntry fid="25" name="ASK" dataType="Real" value="40.22"
            FieldEntry fid="30" name="BIDSIZE" dataType="Real" value="38.0"
            FieldEntry fid="31" name="ASKSIZE" dataType="Real" value="47.0"
        FieldListEnd
    PayloadEnd
UpdateMsgEnd

16:20:49.970 [pool-3-thread-1] INFO  com.refinitiv.ema.consumer.AppClient - 

16:20:50.957 [pool-3-thread-1] INFO  com.refinitiv.ema.consumer.AppClient - Consumer_App.AppClient: Receives Market Price Update message
16:20:50.959 [pool-3-thread-1] INFO  com.refinitiv.ema.consumer.AppClient - Item Name: /EUR=
16:20:50.960 [pool-3-thread-1] INFO  com.refinitiv.ema.consumer.AppClient - Service Name: ELEKTRON_DD
16:20:50.965 [pool-3-thread-1] INFO  com.refinitiv.ema.consumer.AppClient - UpdateMsg
    streamId="6"
    domain="MarketPrice Domain"
    updateTypeNum="0"
    name="/EUR="
    serviceId="1"
    serviceName="ELEKTRON_DD"
    Payload dataType="FieldList"
        FieldList
            FieldEntry fid="22" name="BID" dataType="Real" value="40.2"
            FieldEntry fid="25" name="ASK" dataType="Real" value="40.23"
            FieldEntry fid="30" name="BIDSIZE" dataType="Real" value="39.0"
            FieldEntry fid="31" name="ASKSIZE" dataType="Real" value="48.0"
        FieldListEnd
    PayloadEnd
UpdateMsgEnd

16:20:50.979 [pool-3-thread-1] INFO  com.refinitiv.ema.consumer.AppClient - 

