2019-10-18 13:56:42,943 LEVEL-TRACE Thread-[main]  Method-log()   Class name-com.thomsonreuters.ema.access.ConfigErrorTracker   Message-loggerMsg
    ClientName: EmaConfig
    Severity: Trace
    Text:    reading configuration file [EmaConfig.xml]; working directory is [D:\Project\Code\SLF4J\esdk131_project\ema_example]
loggerMsgEnd


2019-10-18 13:56:42,945 LEVEL-TRACE Thread-[main]  Method-initialize()   Class name-com.thomsonreuters.ema.access.OmmServerBaseImpl   Message-loggerMsg
    ClientName: Provider_1_1
    Severity: Trace
    Text:    Print out active configuration detail.
	 itemCountHint: 10000
	 serviceCountHint: 10000
	 requestTimeout: 15000
	 dispatchTimeoutApiThread: 500
	 maxDispatchCountApiThread: 500
	 maxDispatchCountUserThread: 500
	 userDispatch: 0
	 configuredName: Provider_1
	 instanceName: Provider_1_1
	 xmlTraceEnable: false
	 defaultServiceName: 14002
	 acceptMessageWithoutAcceptingRequests: false
	 acceptDirMessageWithoutMinFilters: false
	 acceptMessageWithoutBeingLogin: false
	 acceptMessageSameKeyButDiffStream: false
	 acceptMessageThatChangesService: false
	 acceptMessageWithoutQosInRange: false
	 operationModel: 1
	 directoryAdminControl: 1
	 dictionaryAdminControl: 1
	 refreshFirstRequired: true
	 maxFieldDictFragmentSize: 8192
	 maxEnumTypeFragmentSize: 128000
loggerMsgEnd


2019-10-18 13:56:42,995 LEVEL-TRACE Thread-[main]  Method-initialize()   Class name-com.thomsonreuters.ema.access.OmmServerBaseImpl   Message-loggerMsg
    ClientName: Provider_1_1
    Severity: Trace
    Text:    Successfully open Selector.
loggerMsgEnd


2019-10-18 13:56:43,047 LEVEL-TRACE Thread-[main]  Method-initialize()   Class name-com.thomsonreuters.ema.access.OmmServerBaseImpl   Message-loggerMsg
    ClientName: Provider_1_1
    Severity: Trace
    Text:    Successfully created Reactor.
loggerMsgEnd


2019-10-18 13:56:43,375 LEVEL-TRACE Thread-[main]  Method-<init>()   Class name-com.thomsonreuters.ema.access.CallbackClient   Message-loggerMsg
    ClientName: ItemCallbackClient
    Severity: Trace
    Text:    Created ItemCallbackClient
loggerMsgEnd


2019-10-18 13:56:43,404 LEVEL-TRACE Thread-[main]  Method-initialize()   Class name-com.thomsonreuters.ema.access.OmmServerBaseImpl   Message-loggerMsg
    ClientName: Provider_1_1
    Severity: Trace
    Text:    Provider bound on port = 14022.
loggerMsgEnd


2019-10-18 13:56:46,376 LEVEL-TRACE Thread-[main]  Method-log()   Class name-com.thomsonreuters.ema.access.ConfigErrorTracker   Message-loggerMsg
    ClientName: EmaConfig
    Severity: Trace
    Text:    reading configuration file [EmaConfig.xml]; working directory is [D:\Project\Code\SLF4J\esdk131_project\ema_example]
loggerMsgEnd


2019-10-18 13:56:46,377 LEVEL-TRACE Thread-[main]  Method-initialize()   Class name-com.thomsonreuters.ema.access.OmmBaseImpl   Message-loggerMsg
    ClientName: Consumer_1_1
    Severity: Trace
    Text:    Print out active configuration detail.
	 itemCountHint: 100000
	 serviceCountHint: 513
	 requestTimeout: 15000
	 dispatchTimeoutApiThread: 0
	 maxDispatchCountApiThread: 100
	 maxDispatchCountUserThread: 100
	 userDispatch: 1
	 configuredName: Consumer_1
	 instanceName: Consumer_1_1
	 xmlTraceEnable: false
	 obeyOpenWindow: 1
	 postAckTimeout: 15000
	 maxOutstandingPosts: 100000
	 userDispatch: 1
	 reconnectAttemptLimit: -1
	 reconnectMinDelay: 1000
	 reconnectMaxDelay: 5000
	 msgKeyInUpdates: true
	 directoryRequestTimeOut: 45000
	 dictionaryRequestTimeOut: 45000
	 loginRequestTimeOut: 45000
loggerMsgEnd


2019-10-18 13:56:46,395 LEVEL-TRACE Thread-[main]  Method-initialize()   Class name-com.thomsonreuters.ema.access.OmmBaseImpl   Message-loggerMsg
    ClientName: Consumer_1_1
    Severity: Trace
    Text:    Successfully open Selector.
loggerMsgEnd


2019-10-18 13:56:46,427 LEVEL-TRACE Thread-[main]  Method-initialize()   Class name-com.thomsonreuters.ema.access.OmmBaseImpl   Message-loggerMsg
    ClientName: Consumer_1_1
    Severity: Trace
    Text:    Successfully created Reactor.
loggerMsgEnd


2019-10-18 13:56:46,431 LEVEL-TRACE Thread-[main]  Method-<init>()   Class name-com.thomsonreuters.ema.access.CallbackClient   Message-loggerMsg
    ClientName: LoginCallbackClient
    Severity: Trace
    Text:    Created LoginCallbackClient
loggerMsgEnd


2019-10-18 13:56:46,431 LEVEL-TRACE Thread-[main]  Method-initialize()   Class name-com.thomsonreuters.ema.access.LoginCallbackClient   Message-loggerMsg
    ClientName: LoginCallbackClient
    Severity: Trace
    Text:    RDMLogin request message was populated with this info: 
	LoginRequest: 
	streamId: 1
	userName: U8004042
	streaming: true
	nameType: 1
	applicationId: 256
	applicationName: ema
	position: 10.42.87.51/U8004042-TPL-A

loggerMsgEnd


2019-10-18 13:56:46,432 LEVEL-TRACE Thread-[main]  Method-<init>()   Class name-com.thomsonreuters.ema.access.CallbackClient   Message-loggerMsg
    ClientName: DictionaryCallbackClient
    Severity: Trace
    Text:    Created DictionaryCallbackClient
loggerMsgEnd


2019-10-18 13:56:46,618 LEVEL-TRACE Thread-[main]  Method-loadDictionaryFromFile()   Class name-com.thomsonreuters.ema.access.DictionaryCallbackClient   Message-loggerMsg
    ClientName: DictionaryCallbackClient
    Severity: Trace
    Text:    Successfully loaded local dictionaries: 
	RDMFieldDictionary file named ./etc/RDMFieldDictionary
	EnumTypeDef file named ./etc/enumtype.def
loggerMsgEnd


2019-10-18 13:56:46,619 LEVEL-TRACE Thread-[main]  Method-<init>()   Class name-com.thomsonreuters.ema.access.CallbackClient   Message-loggerMsg
    ClientName: DirectoryCallbackClient
    Severity: Trace
    Text:    Created DirectoryCallbackClient
loggerMsgEnd


2019-10-18 13:56:46,620 LEVEL-TRACE Thread-[main]  Method-initialize()   Class name-com.thomsonreuters.ema.access.DirectoryCallbackClient   Message-loggerMsg
    ClientName: DirectoryCallbackClient
    Severity: Trace
    Text:    RDMDirectoryRequest message was populated with Filter(s)
	RDM_DIRECTORY_SERVICE_INFO_FILTER
	RDM_DIRECTORY_SERVICE_STATE_FILTER
	RDM_DIRECTORY_SERVICE_GROUP_FILTER
	RDM_DIRECTORY_SERVICE_LOAD_FILTER
	RDM_DIRECTORY_SERVICE_DATA_FILTER
	RDM_DIRECTORY_SERVICE_LINK_FILTER
	requesting all services
loggerMsgEnd


2019-10-18 13:56:46,624 LEVEL-TRACE Thread-[main]  Method-<init>()   Class name-com.thomsonreuters.ema.access.CallbackClient   Message-loggerMsg
    ClientName: ItemCallbackClient
    Severity: Trace
    Text:    Created ItemCallbackClient
loggerMsgEnd


2019-10-18 13:56:46,631 LEVEL-TRACE Thread-[main]  Method-<init>()   Class name-com.thomsonreuters.ema.access.ChannelCallbackClient   Message-loggerMsg
    ClientName: ChannelCallbackClient
    Severity: Trace
    Text:    Created ChannelCallbackClient
loggerMsgEnd


2019-10-18 13:56:46,634 LEVEL-TRACE Thread-[main]  Method-initializeReactor()   Class name-com.thomsonreuters.ema.access.ChannelCallbackClient   Message-loggerMsg
    ClientName: ChannelCallbackClient
    Severity: Trace
    Text:    Attempt to connect using 
	1] SOCKET
	Channel name Channel_1
	Instance Name Consumer_1_1
	RsslReactor @311bf055
	InterfaceName 
	hostName localhost
	port 14022
	CompressionType None
	tcpNodelay true
	reconnectAttemptLimit -1
	reconnectMinDelay 1000 msec
	reconnectMaxDelay 5000 msec
	guaranteedOutputBuffers 5000
	numInputBuffers 10
	sysRecvBufSize 0
	sysSendBufSize 0
	connectionPingTimeout 30000 msec
	initializationTimeout 5 sec
	
loggerMsgEnd


2019-10-18 13:56:46,654 LEVEL-TRACE Thread-[main]  Method-reactorChannelEventCallback()   Class name-com.thomsonreuters.ema.access.ChannelCallbackClient   Message-loggerMsg
    ClientName: ChannelCallbackClient
    Severity: Trace
    Text:    Received ChannelOpened on channel Channel_1
	Instance Name Consumer_1_1
loggerMsgEnd


2019-10-18 13:56:46,678 LEVEL-TRACE Thread-[main]  Method-initializeReactor()   Class name-com.thomsonreuters.ema.access.ChannelCallbackClient   Message-loggerMsg
    ClientName: ChannelCallbackClient
    Severity: Trace
    Text:    Successfully created a Reactor and Channel(s)
	 Channel name(s) 
	Instance Name Consumer_1_1
loggerMsgEnd


2019-10-18 13:56:47,457 LEVEL-INFO  Thread-[main]  Method-reactorChannelEventCallback()   Class name-com.thomsonreuters.ema.access.ChannelCallbackClient   Message-loggerMsg
    ClientName: ChannelCallbackClient
    Severity: Info
    Text:    Received ChannelUp event on channel Channel_1
	Instance Name Consumer_1_1
	Component Version UPA Java Edition|EMA Java Edition
loggerMsgEnd


2019-10-18 13:56:48,424 LEVEL-INFO  Thread-[main]  Method-reactorChannelEventCallback()   Class name-com.thomsonreuters.ema.access.ServerChannelHandler   Message-loggerMsg
    ClientName: ServerChannelHandler
    Severity: Info
    Text:    Received ChannelUp event on ClientHandle 1
	Instance Name Provider_1_1
	Component Version UPA Java Edition|EMA Java Edition
loggerMsgEnd


2019-10-18 13:56:48,424 LEVEL-TRACE Thread-[main]  Method-reactorChannelEventCallback()   Class name-com.thomsonreuters.ema.access.ServerChannelHandler   Message-loggerMsg
    ClientName: ServerChannelHandler
    Severity: Trace
    Text:    Received ChannelReady event on client handle 1
	Instance Name Provider_1_1
loggerMsgEnd


2019-10-18 13:56:48,434 LEVEL-TRACE Thread-[main]  Method-rdmLoginMsgCallback()   Class name-com.thomsonreuters.ema.access.LoginHandler   Message-loggerMsg
    ClientName: LoginHandler
    Severity: Trace
    Text:    Received login request message.
	Stream Id 1
	Instance Name Provider_1_1
	Client handle 1
loggerMsgEnd


2019-10-18 13:56:48,435 LEVEL-TRACE Thread-[main]  Method-addItemInfo()   Class name-com.thomsonreuters.ema.access.OmmServerBaseImpl   Message-loggerMsg
    ClientName: Provider_1_1
    Severity: Trace
    Text:    Added ItemInfo 1 to ItemInfoMap
	Client handle 1
loggerMsgEnd


2019-10-18 13:56:48,459 LEVEL-TRACE Thread-[main]  Method-rdmLoginMsgCallback()   Class name-com.thomsonreuters.ema.access.LoginCallbackClient   Message-loggerMsg
    ClientName: LoginCallbackClient
    Severity: Trace
    Text:    RDMLogin stream was open with refresh message
	LoginRefresh: 
	streamId: 1
	name: U8004042
	nameType: 1
	State: Open/Ok/None - text: "Login accepted"
	isSolicited: true

	
loggerMsgEnd


2019-10-18 13:56:49,455 LEVEL-TRACE Thread-[main]  Method-rdmDirectoryMsgCallback()   Class name-com.thomsonreuters.ema.access.DirectoryHandler   Message-loggerMsg
    ClientName: DirectoryHandler
    Severity: Trace
    Text:    Received directory request message.
	Stream Id 2
	Client handle 1
	Instance Name Provider_1_1
loggerMsgEnd


2019-10-18 13:56:49,456 LEVEL-TRACE Thread-[main]  Method-addItemInfo()   Class name-com.thomsonreuters.ema.access.OmmServerBaseImpl   Message-loggerMsg
    ClientName: Provider_1_1
    Severity: Trace
    Text:    Added ItemInfo 2 to ItemInfoMap
	Client handle 1
loggerMsgEnd


2019-10-18 13:56:49,465 LEVEL-TRACE Thread-[main]  Method-rdmDirectoryMsgCallback()   Class name-com.thomsonreuters.ema.access.DirectoryCallbackClient   Message-loggerMsg
    ClientName: DirectoryCallbackClient
    Severity: Trace
    Text:    RDMDirectory stream state was open with refresh message 
	State: State: Open/Ok/None - text: "null"
loggerMsgEnd


2019-10-18 13:56:49,466 LEVEL-TRACE Thread-[main]  Method-reactorChannelEventCallback()   Class name-com.thomsonreuters.ema.access.ChannelCallbackClient   Message-loggerMsg
    ClientName: ChannelCallbackClient
    Severity: Trace
    Text:    Received ChannelReady event on channel Channel_1
	Instance Name Consumer_1_1
loggerMsgEnd


2019-10-18 13:56:49,469 LEVEL-TRACE Thread-[main]  Method-addToItemMap()   Class name-com.thomsonreuters.ema.access.ItemCallbackClient   Message-loggerMsg
    ClientName: ItemCallbackClient
    Severity: Trace
    Text:    Added Item 1 to item map
	Instance name Consumer_1_1
loggerMsgEnd


2019-10-18 13:56:49,470 LEVEL-TRACE Thread-[main]  Method-addToMap()   Class name-com.thomsonreuters.ema.access.ItemCallbackClient   Message-loggerMsg
    ClientName: ItemCallbackClient
    Severity: Trace
    Text:    Added Item 2 of StreamId 5 to item map
	Instance name Consumer_1_1
loggerMsgEnd


2019-10-18 13:56:49,487 LEVEL-TRACE Thread-[main]  Method-addToMap()   Class name-com.thomsonreuters.ema.access.ItemCallbackClient   Message-loggerMsg
    ClientName: ItemCallbackClient
    Severity: Trace
    Text:    Added Item 3 of StreamId 6 to item map
	Instance name Consumer_1_1
loggerMsgEnd


2019-10-18 13:56:50,457 LEVEL-TRACE Thread-[main]  Method-defaultMsgCallback()   Class name-com.thomsonreuters.ema.access.MarketItemHandler   Message-loggerMsg
    ClientName: MarketItemHandler
    Severity: Trace
    Text:    Received request message.
	Stream Id 3
	Client handle 1
	Instance Name Provider_1_1
loggerMsgEnd


2019-10-18 13:56:50,458 LEVEL-TRACE Thread-[main]  Method-addItemInfo()   Class name-com.thomsonreuters.ema.access.OmmServerBaseImpl   Message-loggerMsg
    ClientName: Provider_1_1
    Severity: Trace
    Text:    Added ItemInfo 3 to ItemInfoMap
	Client handle 1
loggerMsgEnd


2019-10-18 13:56:50,458 LEVEL-TRACE Thread-[main]  Method-submit()   Class name-com.thomsonreuters.ema.access.OmmIProviderImpl   Message-loggerMsg
    ClientName: Provider_1_1
    Severity: Trace
    Text:    Received RefreshMsg with domain type MarketPrice Domain; handle = 3, user assigned streamId = 0.
loggerMsgEnd


2019-10-18 13:56:51,461 LEVEL-TRACE Thread-[main]  Method-submit()   Class name-com.thomsonreuters.ema.access.OmmIProviderImpl   Message-loggerMsg
    ClientName: Provider_1_1
    Severity: Trace
    Text:    Received UpdateMsg with domain type MarketPrice Domain; handle = 3, user assigned streamId = 0.
loggerMsgEnd


2019-10-18 13:56:52,463 LEVEL-TRACE Thread-[main]  Method-submit()   Class name-com.thomsonreuters.ema.access.OmmIProviderImpl   Message-loggerMsg
    ClientName: Provider_1_1
    Severity: Trace
    Text:    Received UpdateMsg with domain type MarketPrice Domain; handle = 3, user assigned streamId = 0.
loggerMsgEnd


2019-10-18 13:56:53,465 LEVEL-TRACE Thread-[main]  Method-submit()   Class name-com.thomsonreuters.ema.access.OmmIProviderImpl   Message-loggerMsg
    ClientName: Provider_1_1
    Severity: Trace
    Text:    Received UpdateMsg with domain type MarketPrice Domain; handle = 3, user assigned streamId = 0.
loggerMsgEnd


2019-10-18 13:56:54,467 LEVEL-TRACE Thread-[main]  Method-submit()   Class name-com.thomsonreuters.ema.access.OmmIProviderImpl   Message-loggerMsg
    ClientName: Provider_1_1
    Severity: Trace
    Text:    Received UpdateMsg with domain type MarketPrice Domain; handle = 3, user assigned streamId = 0.
loggerMsgEnd


2019-10-18 13:56:55,469 LEVEL-TRACE Thread-[main]  Method-submit()   Class name-com.thomsonreuters.ema.access.OmmIProviderImpl   Message-loggerMsg
    ClientName: Provider_1_1
    Severity: Trace
    Text:    Received UpdateMsg with domain type MarketPrice Domain; handle = 3, user assigned streamId = 0.
loggerMsgEnd


2019-10-18 13:56:56,470 LEVEL-TRACE Thread-[main]  Method-submit()   Class name-com.thomsonreuters.ema.access.OmmIProviderImpl   Message-loggerMsg
    ClientName: Provider_1_1
    Severity: Trace
    Text:    Received UpdateMsg with domain type MarketPrice Domain; handle = 3, user assigned streamId = 0.
loggerMsgEnd


2019-10-18 13:56:57,472 LEVEL-TRACE Thread-[main]  Method-submit()   Class name-com.thomsonreuters.ema.access.OmmIProviderImpl   Message-loggerMsg
    ClientName: Provider_1_1
    Severity: Trace
    Text:    Received UpdateMsg with domain type MarketPrice Domain; handle = 3, user assigned streamId = 0.
loggerMsgEnd


2019-10-18 13:56:58,474 LEVEL-TRACE Thread-[main]  Method-submit()   Class name-com.thomsonreuters.ema.access.OmmIProviderImpl   Message-loggerMsg
    ClientName: Provider_1_1
    Severity: Trace
    Text:    Received UpdateMsg with domain type MarketPrice Domain; handle = 3, user assigned streamId = 0.
loggerMsgEnd


2019-10-18 13:56:59,476 LEVEL-TRACE Thread-[main]  Method-submit()   Class name-com.thomsonreuters.ema.access.OmmIProviderImpl   Message-loggerMsg
    ClientName: Provider_1_1
    Severity: Trace
    Text:    Received UpdateMsg with domain type MarketPrice Domain; handle = 3, user assigned streamId = 0.
loggerMsgEnd


2019-10-18 13:57:00,478 LEVEL-TRACE Thread-[main]  Method-submit()   Class name-com.thomsonreuters.ema.access.OmmIProviderImpl   Message-loggerMsg
    ClientName: Provider_1_1
    Severity: Trace
    Text:    Received UpdateMsg with domain type MarketPrice Domain; handle = 3, user assigned streamId = 0.
loggerMsgEnd


2019-10-18 13:57:01,481 LEVEL-TRACE Thread-[main]  Method-submit()   Class name-com.thomsonreuters.ema.access.OmmIProviderImpl   Message-loggerMsg
    ClientName: Provider_1_1
    Severity: Trace
    Text:    Received UpdateMsg with domain type MarketPrice Domain; handle = 3, user assigned streamId = 0.
loggerMsgEnd


2019-10-18 13:57:02,493 LEVEL-TRACE Thread-[main]  Method-submit()   Class name-com.thomsonreuters.ema.access.OmmIProviderImpl   Message-loggerMsg
    ClientName: Provider_1_1
    Severity: Trace
    Text:    Received UpdateMsg with domain type MarketPrice Domain; handle = 3, user assigned streamId = 0.
loggerMsgEnd


2019-10-18 13:57:03,494 LEVEL-TRACE Thread-[main]  Method-submit()   Class name-com.thomsonreuters.ema.access.OmmIProviderImpl   Message-loggerMsg
    ClientName: Provider_1_1
    Severity: Trace
    Text:    Received UpdateMsg with domain type MarketPrice Domain; handle = 3, user assigned streamId = 0.
loggerMsgEnd


2019-10-18 13:57:04,498 LEVEL-TRACE Thread-[main]  Method-submit()   Class name-com.thomsonreuters.ema.access.OmmIProviderImpl   Message-loggerMsg
    ClientName: Provider_1_1
    Severity: Trace
    Text:    Received UpdateMsg with domain type MarketPrice Domain; handle = 3, user assigned streamId = 0.
loggerMsgEnd


2019-10-18 13:57:05,500 LEVEL-TRACE Thread-[main]  Method-submit()   Class name-com.thomsonreuters.ema.access.OmmIProviderImpl   Message-loggerMsg
    ClientName: Provider_1_1
    Severity: Trace
    Text:    Received UpdateMsg with domain type MarketPrice Domain; handle = 3, user assigned streamId = 0.
loggerMsgEnd


2019-10-18 13:57:06,502 LEVEL-TRACE Thread-[main]  Method-submit()   Class name-com.thomsonreuters.ema.access.OmmIProviderImpl   Message-loggerMsg
    ClientName: Provider_1_1
    Severity: Trace
    Text:    Received UpdateMsg with domain type MarketPrice Domain; handle = 3, user assigned streamId = 0.
loggerMsgEnd


2019-10-18 13:57:07,504 LEVEL-TRACE Thread-[main]  Method-submit()   Class name-com.thomsonreuters.ema.access.OmmIProviderImpl   Message-loggerMsg
    ClientName: Provider_1_1
    Severity: Trace
    Text:    Received UpdateMsg with domain type MarketPrice Domain; handle = 3, user assigned streamId = 0.
loggerMsgEnd


2019-10-18 13:57:08,509 LEVEL-TRACE Thread-[main]  Method-submit()   Class name-com.thomsonreuters.ema.access.OmmIProviderImpl   Message-loggerMsg
    ClientName: Provider_1_1
    Severity: Trace
    Text:    Received UpdateMsg with domain type MarketPrice Domain; handle = 3, user assigned streamId = 0.
loggerMsgEnd


2019-10-18 13:57:09,513 LEVEL-TRACE Thread-[main]  Method-submit()   Class name-com.thomsonreuters.ema.access.OmmIProviderImpl   Message-loggerMsg
    ClientName: Provider_1_1
    Severity: Trace
    Text:    Received UpdateMsg with domain type MarketPrice Domain; handle = 3, user assigned streamId = 0.
loggerMsgEnd


2019-10-18 13:57:10,515 LEVEL-TRACE Thread-[main]  Method-submit()   Class name-com.thomsonreuters.ema.access.OmmIProviderImpl   Message-loggerMsg
    ClientName: Provider_1_1
    Severity: Trace
    Text:    Received UpdateMsg with domain type MarketPrice Domain; handle = 3, user assigned streamId = 0.
loggerMsgEnd


2019-10-18 13:57:11,517 LEVEL-TRACE Thread-[main]  Method-submit()   Class name-com.thomsonreuters.ema.access.OmmIProviderImpl   Message-loggerMsg
    ClientName: Provider_1_1
    Severity: Trace
    Text:    Received UpdateMsg with domain type MarketPrice Domain; handle = 3, user assigned streamId = 0.
loggerMsgEnd


2019-10-18 13:57:12,521 LEVEL-TRACE Thread-[main]  Method-submit()   Class name-com.thomsonreuters.ema.access.OmmIProviderImpl   Message-loggerMsg
    ClientName: Provider_1_1
    Severity: Trace
    Text:    Received UpdateMsg with domain type MarketPrice Domain; handle = 3, user assigned streamId = 0.
loggerMsgEnd


2019-10-18 13:57:13,523 LEVEL-TRACE Thread-[main]  Method-submit()   Class name-com.thomsonreuters.ema.access.OmmIProviderImpl   Message-loggerMsg
    ClientName: Provider_1_1
    Severity: Trace
    Text:    Received UpdateMsg with domain type MarketPrice Domain; handle = 3, user assigned streamId = 0.
loggerMsgEnd


2019-10-18 13:57:14,525 LEVEL-TRACE Thread-[main]  Method-submit()   Class name-com.thomsonreuters.ema.access.OmmIProviderImpl   Message-loggerMsg
    ClientName: Provider_1_1
    Severity: Trace
    Text:    Received UpdateMsg with domain type MarketPrice Domain; handle = 3, user assigned streamId = 0.
loggerMsgEnd


2019-10-18 13:57:15,527 LEVEL-TRACE Thread-[main]  Method-submit()   Class name-com.thomsonreuters.ema.access.OmmIProviderImpl   Message-loggerMsg
    ClientName: Provider_1_1
    Severity: Trace
    Text:    Received UpdateMsg with domain type MarketPrice Domain; handle = 3, user assigned streamId = 0.
loggerMsgEnd


2019-10-18 13:57:16,529 LEVEL-TRACE Thread-[main]  Method-submit()   Class name-com.thomsonreuters.ema.access.OmmIProviderImpl   Message-loggerMsg
    ClientName: Provider_1_1
    Severity: Trace
    Text:    Received UpdateMsg with domain type MarketPrice Domain; handle = 3, user assigned streamId = 0.
loggerMsgEnd


2019-10-18 13:57:17,532 LEVEL-TRACE Thread-[main]  Method-submit()   Class name-com.thomsonreuters.ema.access.OmmIProviderImpl   Message-loggerMsg
    ClientName: Provider_1_1
    Severity: Trace
    Text:    Received UpdateMsg with domain type MarketPrice Domain; handle = 3, user assigned streamId = 0.
loggerMsgEnd


2019-10-18 13:57:18,534 LEVEL-TRACE Thread-[main]  Method-submit()   Class name-com.thomsonreuters.ema.access.OmmIProviderImpl   Message-loggerMsg
    ClientName: Provider_1_1
    Severity: Trace
    Text:    Received UpdateMsg with domain type MarketPrice Domain; handle = 3, user assigned streamId = 0.
loggerMsgEnd


2019-10-18 13:57:19,536 LEVEL-TRACE Thread-[main]  Method-submit()   Class name-com.thomsonreuters.ema.access.OmmIProviderImpl   Message-loggerMsg
    ClientName: Provider_1_1
    Severity: Trace
    Text:    Received UpdateMsg with domain type MarketPrice Domain; handle = 3, user assigned streamId = 0.
loggerMsgEnd


2019-10-18 13:57:20,537 LEVEL-TRACE Thread-[main]  Method-submit()   Class name-com.thomsonreuters.ema.access.OmmIProviderImpl   Message-loggerMsg
    ClientName: Provider_1_1
    Severity: Trace
    Text:    Received UpdateMsg with domain type MarketPrice Domain; handle = 3, user assigned streamId = 0.
loggerMsgEnd


2019-10-18 13:57:21,538 LEVEL-TRACE Thread-[main]  Method-submit()   Class name-com.thomsonreuters.ema.access.OmmIProviderImpl   Message-loggerMsg
    ClientName: Provider_1_1
    Severity: Trace
    Text:    Received UpdateMsg with domain type MarketPrice Domain; handle = 3, user assigned streamId = 0.
loggerMsgEnd


2019-10-18 13:57:22,540 LEVEL-TRACE Thread-[main]  Method-submit()   Class name-com.thomsonreuters.ema.access.OmmIProviderImpl   Message-loggerMsg
    ClientName: Provider_1_1
    Severity: Trace
    Text:    Received UpdateMsg with domain type MarketPrice Domain; handle = 3, user assigned streamId = 0.
loggerMsgEnd


2019-10-18 13:57:23,542 LEVEL-TRACE Thread-[main]  Method-submit()   Class name-com.thomsonreuters.ema.access.OmmIProviderImpl   Message-loggerMsg
    ClientName: Provider_1_1
    Severity: Trace
    Text:    Received UpdateMsg with domain type MarketPrice Domain; handle = 3, user assigned streamId = 0.
loggerMsgEnd


2019-10-18 13:57:24,544 LEVEL-TRACE Thread-[main]  Method-submit()   Class name-com.thomsonreuters.ema.access.OmmIProviderImpl   Message-loggerMsg
    ClientName: Provider_1_1
    Severity: Trace
    Text:    Received UpdateMsg with domain type MarketPrice Domain; handle = 3, user assigned streamId = 0.
loggerMsgEnd


2019-10-18 13:57:25,546 LEVEL-TRACE Thread-[main]  Method-submit()   Class name-com.thomsonreuters.ema.access.OmmIProviderImpl   Message-loggerMsg
    ClientName: Provider_1_1
    Severity: Trace
    Text:    Received UpdateMsg with domain type MarketPrice Domain; handle = 3, user assigned streamId = 0.
loggerMsgEnd


2019-10-18 13:57:26,549 LEVEL-TRACE Thread-[main]  Method-submit()   Class name-com.thomsonreuters.ema.access.OmmIProviderImpl   Message-loggerMsg
    ClientName: Provider_1_1
    Severity: Trace
    Text:    Received UpdateMsg with domain type MarketPrice Domain; handle = 3, user assigned streamId = 0.
loggerMsgEnd


2019-10-18 13:57:27,550 LEVEL-TRACE Thread-[main]  Method-submit()   Class name-com.thomsonreuters.ema.access.OmmIProviderImpl   Message-loggerMsg
    ClientName: Provider_1_1
    Severity: Trace
    Text:    Received UpdateMsg with domain type MarketPrice Domain; handle = 3, user assigned streamId = 0.
loggerMsgEnd


2019-10-18 13:57:28,553 LEVEL-TRACE Thread-[main]  Method-submit()   Class name-com.thomsonreuters.ema.access.OmmIProviderImpl   Message-loggerMsg
    ClientName: Provider_1_1
    Severity: Trace
    Text:    Received UpdateMsg with domain type MarketPrice Domain; handle = 3, user assigned streamId = 0.
loggerMsgEnd


2019-10-18 13:57:29,555 LEVEL-TRACE Thread-[main]  Method-submit()   Class name-com.thomsonreuters.ema.access.OmmIProviderImpl   Message-loggerMsg
    ClientName: Provider_1_1
    Severity: Trace
    Text:    Received UpdateMsg with domain type MarketPrice Domain; handle = 3, user assigned streamId = 0.
loggerMsgEnd


2019-10-18 13:57:30,582 LEVEL-TRACE Thread-[main]  Method-submit()   Class name-com.thomsonreuters.ema.access.OmmIProviderImpl   Message-loggerMsg
    ClientName: Provider_1_1
    Severity: Trace
    Text:    Received UpdateMsg with domain type MarketPrice Domain; handle = 3, user assigned streamId = 0.
loggerMsgEnd


2019-10-18 13:57:31,584 LEVEL-TRACE Thread-[main]  Method-submit()   Class name-com.thomsonreuters.ema.access.OmmIProviderImpl   Message-loggerMsg
    ClientName: Provider_1_1
    Severity: Trace
    Text:    Received UpdateMsg with domain type MarketPrice Domain; handle = 3, user assigned streamId = 0.
loggerMsgEnd


2019-10-18 13:57:32,586 LEVEL-TRACE Thread-[main]  Method-submit()   Class name-com.thomsonreuters.ema.access.OmmIProviderImpl   Message-loggerMsg
    ClientName: Provider_1_1
    Severity: Trace
    Text:    Received UpdateMsg with domain type MarketPrice Domain; handle = 3, user assigned streamId = 0.
loggerMsgEnd


2019-10-18 13:57:33,588 LEVEL-TRACE Thread-[main]  Method-submit()   Class name-com.thomsonreuters.ema.access.OmmIProviderImpl   Message-loggerMsg
    ClientName: Provider_1_1
    Severity: Trace
    Text:    Received UpdateMsg with domain type MarketPrice Domain; handle = 3, user assigned streamId = 0.
loggerMsgEnd


2019-10-18 13:57:34,590 LEVEL-TRACE Thread-[main]  Method-submit()   Class name-com.thomsonreuters.ema.access.OmmIProviderImpl   Message-loggerMsg
    ClientName: Provider_1_1
    Severity: Trace
    Text:    Received UpdateMsg with domain type MarketPrice Domain; handle = 3, user assigned streamId = 0.
loggerMsgEnd


2019-10-18 13:57:35,593 LEVEL-TRACE Thread-[main]  Method-submit()   Class name-com.thomsonreuters.ema.access.OmmIProviderImpl   Message-loggerMsg
    ClientName: Provider_1_1
    Severity: Trace
    Text:    Received UpdateMsg with domain type MarketPrice Domain; handle = 3, user assigned streamId = 0.
loggerMsgEnd


2019-10-18 13:57:36,594 LEVEL-TRACE Thread-[main]  Method-submit()   Class name-com.thomsonreuters.ema.access.OmmIProviderImpl   Message-loggerMsg
    ClientName: Provider_1_1
    Severity: Trace
    Text:    Received UpdateMsg with domain type MarketPrice Domain; handle = 3, user assigned streamId = 0.
loggerMsgEnd


2019-10-18 13:57:37,596 LEVEL-TRACE Thread-[main]  Method-submit()   Class name-com.thomsonreuters.ema.access.OmmIProviderImpl   Message-loggerMsg
    ClientName: Provider_1_1
    Severity: Trace
    Text:    Received UpdateMsg with domain type MarketPrice Domain; handle = 3, user assigned streamId = 0.
loggerMsgEnd


2019-10-18 13:57:38,598 LEVEL-TRACE Thread-[main]  Method-submit()   Class name-com.thomsonreuters.ema.access.OmmIProviderImpl   Message-loggerMsg
    ClientName: Provider_1_1
    Severity: Trace
    Text:    Received UpdateMsg with domain type MarketPrice Domain; handle = 3, user assigned streamId = 0.
loggerMsgEnd


2019-10-18 13:57:39,600 LEVEL-TRACE Thread-[main]  Method-submit()   Class name-com.thomsonreuters.ema.access.OmmIProviderImpl   Message-loggerMsg
    ClientName: Provider_1_1
    Severity: Trace
    Text:    Received UpdateMsg with domain type MarketPrice Domain; handle = 3, user assigned streamId = 0.
loggerMsgEnd


2019-10-18 13:57:40,601 LEVEL-TRACE Thread-[main]  Method-submit()   Class name-com.thomsonreuters.ema.access.OmmIProviderImpl   Message-loggerMsg
    ClientName: Provider_1_1
    Severity: Trace
    Text:    Received UpdateMsg with domain type MarketPrice Domain; handle = 3, user assigned streamId = 0.
loggerMsgEnd


2019-10-18 13:57:41,603 LEVEL-TRACE Thread-[main]  Method-submit()   Class name-com.thomsonreuters.ema.access.OmmIProviderImpl   Message-loggerMsg
    ClientName: Provider_1_1
    Severity: Trace
    Text:    Received UpdateMsg with domain type MarketPrice Domain; handle = 3, user assigned streamId = 0.
loggerMsgEnd


2019-10-18 13:57:42,606 LEVEL-TRACE Thread-[main]  Method-submit()   Class name-com.thomsonreuters.ema.access.OmmIProviderImpl   Message-loggerMsg
    ClientName: Provider_1_1
    Severity: Trace
    Text:    Received UpdateMsg with domain type MarketPrice Domain; handle = 3, user assigned streamId = 0.
loggerMsgEnd


2019-10-18 13:57:43,608 LEVEL-TRACE Thread-[main]  Method-submit()   Class name-com.thomsonreuters.ema.access.OmmIProviderImpl   Message-loggerMsg
    ClientName: Provider_1_1
    Severity: Trace
    Text:    Received UpdateMsg with domain type MarketPrice Domain; handle = 3, user assigned streamId = 0.
loggerMsgEnd


2019-10-18 13:57:44,609 LEVEL-TRACE Thread-[main]  Method-submit()   Class name-com.thomsonreuters.ema.access.OmmIProviderImpl   Message-loggerMsg
    ClientName: Provider_1_1
    Severity: Trace
    Text:    Received UpdateMsg with domain type MarketPrice Domain; handle = 3, user assigned streamId = 0.
loggerMsgEnd


2019-10-18 13:57:45,610 LEVEL-TRACE Thread-[main]  Method-submit()   Class name-com.thomsonreuters.ema.access.OmmIProviderImpl   Message-loggerMsg
    ClientName: Provider_1_1
    Severity: Trace
    Text:    Received UpdateMsg with domain type MarketPrice Domain; handle = 3, user assigned streamId = 0.
loggerMsgEnd


2019-10-18 13:57:46,613 LEVEL-TRACE Thread-[main]  Method-submit()   Class name-com.thomsonreuters.ema.access.OmmIProviderImpl   Message-loggerMsg
    ClientName: Provider_1_1
    Severity: Trace
    Text:    Received UpdateMsg with domain type MarketPrice Domain; handle = 3, user assigned streamId = 0.
loggerMsgEnd


2019-10-18 13:57:47,616 LEVEL-TRACE Thread-[main]  Method-submit()   Class name-com.thomsonreuters.ema.access.OmmIProviderImpl   Message-loggerMsg
    ClientName: Provider_1_1
    Severity: Trace
    Text:    Received UpdateMsg with domain type MarketPrice Domain; handle = 3, user assigned streamId = 0.
loggerMsgEnd


2019-10-18 13:57:48,618 LEVEL-TRACE Thread-[main]  Method-submit()   Class name-com.thomsonreuters.ema.access.OmmIProviderImpl   Message-loggerMsg
    ClientName: Provider_1_1
    Severity: Trace
    Text:    Received UpdateMsg with domain type MarketPrice Domain; handle = 3, user assigned streamId = 0.
loggerMsgEnd


2019-10-18 13:57:49,491 LEVEL-TRACE Thread-[main]  Method-removeFromMap()   Class name-com.thomsonreuters.ema.access.ItemCallbackClient   Message-loggerMsg
    ClientName: ItemCallbackClient
    Severity: Trace
    Text:    Removed Item 3 of StreamId 6 from item map
	Instance name Consumer_1_1
loggerMsgEnd


2019-10-18 13:57:49,620 LEVEL-TRACE Thread-[main]  Method-rdmLoginMsgCallback()   Class name-com.thomsonreuters.ema.access.LoginHandler   Message-loggerMsg
    ClientName: LoginHandler
    Severity: Trace
    Text:    Received login close message.
	Stream Id 1
	Instance Name Provider_1_1
	Client handle 1
loggerMsgEnd


2019-10-18 13:57:49,620 LEVEL-TRACE Thread-[main]  Method-removeItemInfo()   Class name-com.thomsonreuters.ema.access.OmmServerBaseImpl   Message-loggerMsg
    ClientName: Provider_1_1
    Severity: Trace
    Text:    Removed ItemInfo 1 from ItemInfoMap
	Client handle 1
loggerMsgEnd


2019-10-18 13:57:49,620 LEVEL-TRACE Thread-[main]  Method-removeItemInfo()   Class name-com.thomsonreuters.ema.access.OmmServerBaseImpl   Message-loggerMsg
    ClientName: Provider_1_1
    Severity: Trace
    Text:    Removed ItemInfo 2 from ItemInfoMap
	Client handle 1
loggerMsgEnd


2019-10-18 13:57:49,622 LEVEL-TRACE Thread-[main]  Method-removeItemInfo()   Class name-com.thomsonreuters.ema.access.OmmServerBaseImpl   Message-loggerMsg
    ClientName: Provider_1_1
    Severity: Trace
    Text:    Removed ItemInfo 3 from ItemInfoMap
	Client handle 1
loggerMsgEnd


